[ 2017-11-27T20:33:07+08:00 ] 127.0.0.1 /index.php/Admin/login
INFO: [ app_init ] --START--
INFO: Run Behavior\BuildLiteBehavior [ RunTime:0.000011s ]
INFO: [ app_init ] --END-- [ RunTime:0.003252s ]
INFO: [ app_begin ] --START--
INFO: Run Behavior\ReadHtmlCacheBehavior [ RunTime:0.000773s ]
INFO: [ app_begin ] --END-- [ RunTime:0.000818s ]
INFO: [ view_parse ] --START--
INFO: [ template_filter ] --START--
INFO: Run Behavior\ContentReplaceBehavior [ RunTime:0.001292s ]
INFO: [ template_filter ] --END-- [ RunTime:0.001339s ]
INFO: Run Behavior\ParseTemplateBehavior [ RunTime:0.010953s ]
INFO: [ view_parse ] --END-- [ RunTime:0.010993s ]
INFO: [ view_filter ] --START--
INFO: Run Behavior\WriteHtmlCacheBehavior [ RunTime:0.000832s ]
INFO: [ view_filter ] --END-- [ RunTime:0.000861s ]
INFO: [ app_end ] --START--
INFO: Run Behavior\ShowPageTraceBehavior [ RunTime:0.000826s ]
INFO: [ app_end ] --END-- [ RunTime:0.000855s ]

[ 2017-11-27T20:33:08+08:00 ] 127.0.0.1 /index.php/Admin/js/bootstrap.min.js?v=3.3.6
INFO: [ app_init ] --START--
INFO: Run Behavior\BuildLiteBehavior [ RunTime:0.000009s ]
INFO: [ app_init ] --END-- [ RunTime:0.000368s ]
INFO: [ app_begin ] --START--
INFO: Run Behavior\ReadHtmlCacheBehavior [ RunTime:0.000515s ]
INFO: [ app_begin ] --END-- [ RunTime:0.000552s ]
ERR: 无法加载控制器:Js

[ 2017-11-27T20:33:09+08:00 ] 127.0.0.1 /index.php/Admin/js/jquery.min.js?v=2.1.4
INFO: [ app_init ] --START--
INFO: Run Behavior\BuildLiteBehavior [ RunTime:0.000008s ]
INFO: [ app_init ] --END-- [ RunTime:0.000444s ]
INFO: [ app_begin ] --START--
INFO: Run Behavior\ReadHtmlCacheBehavior [ RunTime:0.000511s ]
INFO: [ app_begin ] --END-- [ RunTime:0.000544s ]
ERR: 无法加载控制器:Js

[ 2017-11-27T20:33:09+08:00 ] 127.0.0.1 /index.php/Admin/js/bootstrap.min.js?v=3.3.6
INFO: [ app_init ] --START--
INFO: Run Behavior\BuildLiteBehavior [ RunTime:0.000008s ]
INFO: [ app_init ] --END-- [ RunTime:0.000434s ]
INFO: [ app_begin ] --START--
INFO: Run Behavior\ReadHtmlCacheBehavior [ RunTime:0.000491s ]
INFO: [ app_begin ] --END-- [ RunTime:0.000522s ]
ERR: 无法加载控制器:Js

[ 2017-11-27T20:33:09+08:00 ] 127.0.0.1 /index.php/Admin/favicon.ico
INFO: [ app_init ] --START--
INFO: Run Behavior\BuildLiteBehavior [ RunTime:0.000008s ]
INFO: [ app_init ] --END-- [ RunTime:0.000453s ]

[ 2017-11-27T20:33:12+08:00 ] 127.0.0.1 /index.php/Admin/register/index.html
INFO: [ app_init ] --START--
INFO: Run Behavior\BuildLiteBehavior [ RunTime:0.000009s ]
INFO: [ app_init ] --END-- [ RunTime:0.000424s ]
INFO: [ app_begin ] --START--
INFO: Run Behavior\ReadHtmlCacheBehavior [ RunTime:0.000458s ]
INFO: [ app_begin ] --END-- [ RunTime:0.000489s ]
INFO: [ view_parse ] --START--
INFO: [ template_filter ] --START--
INFO: Run Behavior\ContentReplaceBehavior [ RunTime:0.000042s ]
INFO: [ template_filter ] --END-- [ RunTime:0.000076s ]
INFO: Run Behavior\ParseTemplateBehavior [ RunTime:0.006850s ]
INFO: [ view_parse ] --END-- [ RunTime:0.006885s ]
INFO: [ view_filter ] --START--
INFO: Run Behavior\WriteHtmlCacheBehavior [ RunTime:0.000447s ]
INFO: [ view_filter ] --END-- [ RunTime:0.000482s ]
INFO: [ app_end ] --START--
INFO: Run Behavior\ShowPageTraceBehavior [ RunTime:0.000700s ]
INFO: [ app_end ] --END-- [ RunTime:0.000739s ]

[ 2017-11-27T20:33:12+08:00 ] 127.0.0.1 /index.php/Admin/register/js/jquery.min.js?v=2.1.4
INFO: [ app_init ] --START--
INFO: Run Behavior\BuildLiteBehavior [ RunTime:0.000008s ]
INFO: [ app_init ] --END-- [ RunTime:0.000438s ]
INFO: [ app_begin ] --START--
INFO: Run Behavior\ReadHtmlCacheBehavior [ RunTime:0.000501s ]
INFO: [ app_begin ] --END-- [ RunTime:0.000534s ]
ERR: 非法操作:js

[ 2017-11-27T20:33:13+08:00 ] 127.0.0.1 /index.php/Admin/register/js/plugins/iCheck/icheck.min.js
INFO: [ app_init ] --START--
INFO: Run Behavior\BuildLiteBehavior [ RunTime:0.000012s ]
INFO: [ app_init ] --END-- [ RunTime:0.000651s ]
INFO: [ app_begin ] --START--
INFO: Run Behavior\ReadHtmlCacheBehavior [ RunTime:0.000753s ]
INFO: [ app_begin ] --END-- [ RunTime:0.000804s ]
ERR: 非法操作:js

[ 2017-11-27T20:33:13+08:00 ] 127.0.0.1 /index.php/Admin/register/js/bootstrap.min.js?v=3.3.6
INFO: [ app_init ] --START--
INFO: Run Behavior\BuildLiteBehavior [ RunTime:0.000012s ]
INFO: [ app_init ] --END-- [ RunTime:0.000543s ]
INFO: [ app_begin ] --START--
INFO: Run Behavior\ReadHtmlCacheBehavior [ RunTime:0.000542s ]
INFO: [ app_begin ] --END-- [ RunTime:0.000575s ]
ERR: 非法操作:js

[ 2017-11-27T20:33:13+08:00 ] 127.0.0.1 /index.php/Admin/register/js/plugins/iCheck/icheck.min.js
INFO: [ app_init ] --START--
INFO: Run Behavior\BuildLiteBehavior [ RunTime:0.000008s ]
INFO: [ app_init ] --END-- [ RunTime:0.000429s ]
INFO: [ app_begin ] --START--
INFO: Run Behavior\ReadHtmlCacheBehavior [ RunTime:0.000488s ]
INFO: [ app_begin ] --END-- [ RunTime:0.000521s ]
ERR: 非法操作:js

[ 2017-11-27T20:33:13+08:00 ] 127.0.0.1 /index.php/Admin/register/favicon.ico
INFO: [ app_init ] --START--
INFO: Run Behavior\BuildLiteBehavior [ RunTime:0.000015s ]
INFO: [ app_init ] --END-- [ RunTime:0.000823s ]

[ 2017-11-27T20:34:07+08:00 ] 127.0.0.1 /index.php/Admin/register/index.html
INFO: [ app_init ] --START--
INFO: Run Behavior\BuildLiteBehavior [ RunTime:0.000018s ]
INFO: [ app_init ] --END-- [ RunTime:0.000526s ]
INFO: [ app_begin ] --START--
INFO: Run Behavior\ReadHtmlCacheBehavior [ RunTime:0.000782s ]
INFO: [ app_begin ] --END-- [ RunTime:0.000831s ]
INFO: [ view_parse ] --START--
INFO: [ template_filter ] --START--
INFO: Run Behavior\ContentReplaceBehavior [ RunTime:0.000043s ]
INFO: [ template_filter ] --END-- [ RunTime:0.000079s ]
INFO: Run Behavior\ParseTemplateBehavior [ RunTime:0.006262s ]
INFO: [ view_parse ] --END-- [ RunTime:0.006300s ]
INFO: [ view_filter ] --START--
INFO: Run Behavior\WriteHtmlCacheBehavior [ RunTime:0.000341s ]
INFO: [ view_filter ] --END-- [ RunTime:0.000370s ]
INFO: [ app_end ] --START--
INFO: Run Behavior\ShowPageTraceBehavior [ RunTime:0.000512s ]
INFO: [ app_end ] --END-- [ RunTime:0.000540s ]

[ 2017-11-27T20:34:07+08:00 ] 127.0.0.1 /index.php/Admin/register/js/jquery.min.js?v=2.1.4
INFO: [ app_init ] --START--
INFO: Run Behavior\BuildLiteBehavior [ RunTime:0.000008s ]
INFO: [ app_init ] --END-- [ RunTime:0.000429s ]
INFO: [ app_begin ] --START--
INFO: Run Behavior\ReadHtmlCacheBehavior [ RunTime:0.000603s ]
INFO: [ app_begin ] --END-- [ RunTime:0.000641s ]
ERR: 非法操作:js

[ 2017-11-27T20:34:07+08:00 ] 127.0.0.1 /index.php/Admin/register/js/bootstrap.min.js?v=3.3.6
INFO: [ app_init ] --START--
INFO: Run Behavior\BuildLiteBehavior [ RunTime:0.000012s ]
INFO: [ app_init ] --END-- [ RunTime:0.000501s ]
INFO: [ app_begin ] --START--
INFO: Run Behavior\ReadHtmlCacheBehavior [ RunTime:0.000563s ]
INFO: [ app_begin ] --END-- [ RunTime:0.000601s ]
ERR: 非法操作:js

[ 2017-11-27T20:34:08+08:00 ] 127.0.0.1 /index.php/Admin/register/js/plugins/iCheck/icheck.min.js
INFO: [ app_init ] --START--
INFO: Run Behavior\BuildLiteBehavior [ RunTime:0.000010s ]
INFO: [ app_init ] --END-- [ RunTime:0.000516s ]
INFO: [ app_begin ] --START--
INFO: Run Behavior\ReadHtmlCacheBehavior [ RunTime:0.000789s ]
INFO: [ app_begin ] --END-- [ RunTime:0.000839s ]
ERR: 非法操作:js

[ 2017-11-27T20:39:07+08:00 ] 127.0.0.1 /index.php/Admin/register/index.html
INFO: [ app_init ] --START--
INFO: Run Behavior\BuildLiteBehavior [ RunTime:0.000008s ]
INFO: [ app_init ] --END-- [ RunTime:0.000508s ]
INFO: [ app_begin ] --START--
INFO: Run Behavior\ReadHtmlCacheBehavior [ RunTime:0.000525s ]
INFO: [ app_begin ] --END-- [ RunTime:0.000559s ]
INFO: [ view_parse ] --START--
INFO: [ template_filter ] --START--
INFO: Run Behavior\ContentReplaceBehavior [ RunTime:0.000056s ]
INFO: [ template_filter ] --END-- [ RunTime:0.000092s ]
INFO: Run Behavior\ParseTemplateBehavior [ RunTime:0.008090s ]
INFO: [ view_parse ] --END-- [ RunTime:0.008130s ]
INFO: [ view_filter ] --START--
INFO: Run Behavior\WriteHtmlCacheBehavior [ RunTime:0.000447s ]
INFO: [ view_filter ] --END-- [ RunTime:0.000475s ]
INFO: [ app_end ] --START--
INFO: Run Behavior\ShowPageTraceBehavior [ RunTime:0.000612s ]
INFO: [ app_end ] --END-- [ RunTime:0.000640s ]

[ 2017-11-27T20:39:07+08:00 ] 127.0.0.1 /index.php/Admin/register/js/jquery.min.js?v=2.1.4
INFO: [ app_init ] --START--
INFO: Run Behavior\BuildLiteBehavior [ RunTime:0.000008s ]
INFO: [ app_init ] --END-- [ RunTime:0.000468s ]
INFO: [ app_begin ] --START--
INFO: Run Behavior\ReadHtmlCacheBehavior [ RunTime:0.000569s ]
INFO: [ app_begin ] --END-- [ RunTime:0.000609s ]
ERR: 非法操作:js

[ 2017-11-27T20:39:08+08:00 ] 127.0.0.1 /index.php/Admin/register/js/bootstrap.min.js?v=3.3.6
INFO: [ app_init ] --START--
INFO: Run Behavior\BuildLiteBehavior [ RunTime:0.000014s ]
INFO: [ app_init ] --END-- [ RunTime:0.000846s ]
INFO: [ app_begin ] --START--
INFO: Run Behavior\ReadHtmlCacheBehavior [ RunTime:0.000722s ]
INFO: [ app_begin ] --END-- [ RunTime:0.000779s ]
ERR: 非法操作:js

[ 2017-11-27T20:39:08+08:00 ] 127.0.0.1 /index.php/Admin/register/js/plugins/iCheck/icheck.min.js
INFO: [ app_init ] --START--
INFO: Run Behavior\BuildLiteBehavior [ RunTime:0.000016s ]
INFO: [ app_init ] --END-- [ RunTime:0.000609s ]
INFO: [ app_begin ] --START--
INFO: Run Behavior\ReadHtmlCacheBehavior [ RunTime:0.000673s ]
INFO: [ app_begin ] --END-- [ RunTime:0.000725s ]
ERR: 非法操作:js

[ 2017-11-27T20:39:52+08:00 ] 127.0.0.1 /index.php/Admin/register/index.html
INFO: [ app_init ] --START--
INFO: Run Behavior\BuildLiteBehavior [ RunTime:0.000010s ]
INFO: [ app_init ] --END-- [ RunTime:0.000407s ]
INFO: [ app_begin ] --START--
INFO: Run Behavior\ReadHtmlCacheBehavior [ RunTime:0.000687s ]
INFO: [ app_begin ] --END-- [ RunTime:0.000742s ]
INFO: [ view_parse ] --START--
INFO: [ template_filter ] --START--
INFO: Run Behavior\ContentReplaceBehavior [ RunTime:0.000052s ]
INFO: [ template_filter ] --END-- [ RunTime:0.000085s ]
INFO: Run Behavior\ParseTemplateBehavior [ RunTime:0.007401s ]
INFO: [ view_parse ] --END-- [ RunTime:0.007437s ]
INFO: [ view_filter ] --START--
INFO: Run Behavior\WriteHtmlCacheBehavior [ RunTime:0.000432s ]
INFO: [ view_filter ] --END-- [ RunTime:0.000460s ]
INFO: [ app_end ] --START--
INFO: Run Behavior\ShowPageTraceBehavior [ RunTime:0.000592s ]
INFO: [ app_end ] --END-- [ RunTime:0.000621s ]

[ 2017-11-27T20:39:52+08:00 ] 127.0.0.1 /index.php/Admin/register/js/jquery.min.js?v=2.1.4
INFO: [ app_init ] --START--
INFO: Run Behavior\BuildLiteBehavior [ RunTime:0.000009s ]
INFO: [ app_init ] --END-- [ RunTime:0.000491s ]
INFO: [ app_begin ] --START--
INFO: Run Behavior\ReadHtmlCacheBehavior [ RunTime:0.000532s ]
INFO: [ app_begin ] --END-- [ RunTime:0.000566s ]
ERR: 非法操作:js

[ 2017-11-27T20:39:53+08:00 ] 127.0.0.1 /index.php/Admin/register/js/plugins/iCheck/icheck.min.js
INFO: [ app_init ] --START--
INFO: Run Behavior\BuildLiteBehavior [ RunTime:0.000012s ]
INFO: [ app_init ] --END-- [ RunTime:0.000533s ]
INFO: [ app_begin ] --START--
INFO: Run Behavior\ReadHtmlCacheBehavior [ RunTime:0.000620s ]
INFO: [ app_begin ] --END-- [ RunTime:0.000672s ]
ERR: 非法操作:js

[ 2017-11-27T20:39:53+08:00 ] 127.0.0.1 /index.php/Admin/register/js/bootstrap.min.js?v=3.3.6
INFO: [ app_init ] --START--
INFO: Run Behavior\BuildLiteBehavior [ RunTime:0.000015s ]
INFO: [ app_init ] --END-- [ RunTime:0.000678s ]
INFO: [ app_begin ] --START--
INFO: Run Behavior\ReadHtmlCacheBehavior [ RunTime:0.000765s ]
INFO: [ app_begin ] --END-- [ RunTime:0.000824s ]
ERR: 非法操作:js

[ 2017-11-27T20:39:53+08:00 ] 127.0.0.1 /index.php/Admin/register/js/plugins/iCheck/icheck.min.js
INFO: [ app_init ] --START--
INFO: Run Behavior\BuildLiteBehavior [ RunTime:0.000011s ]
INFO: [ app_init ] --END-- [ RunTime:0.000475s ]
INFO: [ app_begin ] --START--
INFO: Run Behavior\ReadHtmlCacheBehavior [ RunTime:0.000571s ]
INFO: [ app_begin ] --END-- [ RunTime:0.000617s ]
ERR: 非法操作:js

[ 2017-11-27T20:39:56+08:00 ] 127.0.0.1 /index.php/Admin/register/index.html
INFO: [ app_init ] --START--
INFO: Run Behavior\BuildLiteBehavior [ RunTime:0.000008s ]
INFO: [ app_init ] --END-- [ RunTime:0.000429s ]
INFO: [ app_begin ] --START--
INFO: Run Behavior\ReadHtmlCacheBehavior [ RunTime:0.000529s ]
INFO: [ app_begin ] --END-- [ RunTime:0.000561s ]
INFO: [ view_parse ] --START--
INFO: [ template_filter ] --START--
INFO: Run Behavior\ContentReplaceBehavior [ RunTime:0.000054s ]
INFO: [ template_filter ] --END-- [ RunTime:0.000088s ]
INFO: Run Behavior\ParseTemplateBehavior [ RunTime:0.007988s ]
INFO: [ view_parse ] --END-- [ RunTime:0.008022s ]
INFO: [ view_filter ] --START--
INFO: Run Behavior\WriteHtmlCacheBehavior [ RunTime:0.000410s ]
INFO: [ view_filter ] --END-- [ RunTime:0.000442s ]
INFO: [ app_end ] --START--
INFO: Run Behavior\ShowPageTraceBehavior [ RunTime:0.000604s ]
INFO: [ app_end ] --END-- [ RunTime:0.000642s ]

[ 2017-11-27T20:39:56+08:00 ] 127.0.0.1 /index.php/Admin/register/js/bootstrap.min.js?v=3.3.6
INFO: [ app_init ] --START--
INFO: Run Behavior\BuildLiteBehavior [ RunTime:0.000009s ]
INFO: [ app_init ] --END-- [ RunTime:0.000505s ]
INFO: [ app_begin ] --START--
INFO: Run Behavior\ReadHtmlCacheBehavior [ RunTime:0.000489s ]
INFO: [ app_begin ] --END-- [ RunTime:0.000524s ]
ERR: 非法操作:js

[ 2017-11-27T20:39:56+08:00 ] 127.0.0.1 /index.php/Admin/register/js/jquery.min.js?v=2.1.4
INFO: [ app_init ] --START--
INFO: Run Behavior\BuildLiteBehavior [ RunTime:0.000009s ]
INFO: [ app_init ] --END-- [ RunTime:0.000528s ]
INFO: [ app_begin ] --START--
INFO: Run Behavior\ReadHtmlCacheBehavior [ RunTime:0.000474s ]
INFO: [ app_begin ] --END-- [ RunTime:0.000515s ]
ERR: 非法操作:js

[ 2017-11-27T20:39:56+08:00 ] 127.0.0.1 /index.php/Admin/register/js/bootstrap.min.js?v=3.3.6
INFO: [ app_init ] --START--
INFO: Run Behavior\BuildLiteBehavior [ RunTime:0.000008s ]
INFO: [ app_init ] --END-- [ RunTime:0.000427s ]
INFO: [ app_begin ] --START--
INFO: Run Behavior\ReadHtmlCacheBehavior [ RunTime:0.000490s ]
INFO: [ app_begin ] --END-- [ RunTime:0.000522s ]
ERR: 非法操作:js

[ 2017-11-27T20:39:57+08:00 ] 127.0.0.1 /index.php/Admin/register/js/plugins/iCheck/icheck.min.js
INFO: [ app_init ] --START--
INFO: Run Behavior\BuildLiteBehavior [ RunTime:0.000012s ]
INFO: [ app_init ] --END-- [ RunTime:0.000741s ]
INFO: [ app_begin ] --START--
INFO: Run Behavior\ReadHtmlCacheBehavior [ RunTime:0.000542s ]
INFO: [ app_begin ] --END-- [ RunTime:0.000580s ]
ERR: 非法操作:js

[ 2017-11-27T20:40:01+08:00 ] 127.0.0.1 /index.php/Admin/register/index.html
INFO: [ app_init ] --START--
INFO: Run Behavior\BuildLiteBehavior [ RunTime:0.000014s ]
INFO: [ app_init ] --END-- [ RunTime:0.000614s ]
INFO: [ app_begin ] --START--
INFO: Run Behavior\ReadHtmlCacheBehavior [ RunTime:0.000591s ]
INFO: [ app_begin ] --END-- [ RunTime:0.000639s ]
INFO: [ view_parse ] --START--
INFO: [ template_filter ] --START--
INFO: Run Behavior\ContentReplaceBehavior [ RunTime:0.000039s ]
INFO: [ template_filter ] --END-- [ RunTime:0.000072s ]
INFO: Run Behavior\ParseTemplateBehavior [ RunTime:0.006159s ]
INFO: [ view_parse ] --END-- [ RunTime:0.006195s ]
INFO: [ view_filter ] --START--
INFO: Run Behavior\WriteHtmlCacheBehavior [ RunTime:0.000386s ]
INFO: [ view_filter ] --END-- [ RunTime:0.000414s ]
INFO: [ app_end ] --START--
INFO: Run Behavior\ShowPageTraceBehavior [ RunTime:0.000550s ]
INFO: [ app_end ] --END-- [ RunTime:0.000578s ]

[ 2017-11-27T20:40:01+08:00 ] 127.0.0.1 /index.php/Admin/register/js/jquery.min.js?v=2.1.4
INFO: [ app_init ] --START--
INFO: Run Behavior\BuildLiteBehavior [ RunTime:0.000008s ]
INFO: [ app_init ] --END-- [ RunTime:0.000448s ]
INFO: [ app_begin ] --START--
INFO: Run Behavior\ReadHtmlCacheBehavior [ RunTime:0.000550s ]
INFO: [ app_begin ] --END-- [ RunTime:0.000584s ]
ERR: 非法操作:js

[ 2017-11-27T20:40:01+08:00 ] 127.0.0.1 /index.php/Admin/register/js/bootstrap.min.js?v=3.3.6
INFO: [ app_init ] --START--
INFO: Run Behavior\BuildLiteBehavior [ RunTime:0.000009s ]
INFO: [ app_init ] --END-- [ RunTime:0.000514s ]
INFO: [ app_begin ] --START--
INFO: Run Behavior\ReadHtmlCacheBehavior [ RunTime:0.000525s ]
INFO: [ app_begin ] --END-- [ RunTime:0.000562s ]
ERR: 非法操作:js

[ 2017-11-27T20:40:02+08:00 ] 127.0.0.1 /index.php/Admin/register/js/plugins/iCheck/icheck.min.js
INFO: [ app_init ] --START--
INFO: Run Behavior\BuildLiteBehavior [ RunTime:0.000010s ]
INFO: [ app_init ] --END-- [ RunTime:0.000463s ]
INFO: [ app_begin ] --START--
INFO: Run Behavior\ReadHtmlCacheBehavior [ RunTime:0.000568s ]
INFO: [ app_begin ] --END-- [ RunTime:0.000610s ]
ERR: 非法操作:js

[ 2017-11-27T20:40:39+08:00 ] 127.0.0.1 /index.php/Admin/register/index.html
INFO: [ app_init ] --START--
INFO: Run Behavior\BuildLiteBehavior [ RunTime:0.000012s ]
INFO: [ app_init ] --END-- [ RunTime:0.000537s ]
INFO: [ app_begin ] --START--
INFO: Run Behavior\ReadHtmlCacheBehavior [ RunTime:0.000510s ]
INFO: [ app_begin ] --END-- [ RunTime:0.000550s ]
INFO: [ view_parse ] --START--
INFO: [ template_filter ] --START--
INFO: Run Behavior\ContentReplaceBehavior [ RunTime:0.000041s ]
INFO: [ template_filter ] --END-- [ RunTime:0.000078s ]
INFO: Run Behavior\ParseTemplateBehavior [ RunTime:0.006833s ]
INFO: [ view_parse ] --END-- [ RunTime:0.006937s ]
INFO: [ view_filter ] --START--
INFO: Run Behavior\WriteHtmlCacheBehavior [ RunTime:0.000755s ]
INFO: [ view_filter ] --END-- [ RunTime:0.000810s ]
INFO: [ app_end ] --START--
INFO: Run Behavior\ShowPageTraceBehavior [ RunTime:0.000585s ]
INFO: [ app_end ] --END-- [ RunTime:0.000620s ]

[ 2017-11-27T20:40:39+08:00 ] 127.0.0.1 /index.php/Admin/register/js/jquery.min.js?v=2.1.4
INFO: [ app_init ] --START--
INFO: Run Behavior\BuildLiteBehavior [ RunTime:0.000010s ]
INFO: [ app_init ] --END-- [ RunTime:0.000479s ]
INFO: [ app_begin ] --START--
INFO: Run Behavior\ReadHtmlCacheBehavior [ RunTime:0.000765s ]
INFO: [ app_begin ] --END-- [ RunTime:0.000815s ]
ERR: 非法操作:js

[ 2017-11-27T20:40:39+08:00 ] 127.0.0.1 /index.php/Admin/register/js/bootstrap.min.js?v=3.3.6
INFO: [ app_init ] --START--
INFO: Run Behavior\BuildLiteBehavior [ RunTime:0.000011s ]
INFO: [ app_init ] --END-- [ RunTime:0.000484s ]
INFO: [ app_begin ] --START--
INFO: Run Behavior\ReadHtmlCacheBehavior [ RunTime:0.000620s ]
INFO: [ app_begin ] --END-- [ RunTime:0.000665s ]
ERR: 非法操作:js

[ 2017-11-27T20:40:40+08:00 ] 127.0.0.1 /index.php/Admin/register/js/plugins/iCheck/icheck.min.js
INFO: [ app_init ] --START--
INFO: Run Behavior\BuildLiteBehavior [ RunTime:0.000008s ]
INFO: [ app_init ] --END-- [ RunTime:0.000443s ]
INFO: [ app_begin ] --START--
INFO: Run Behavior\ReadHtmlCacheBehavior [ RunTime:0.000532s ]
INFO: [ app_begin ] --END-- [ RunTime:0.000567s ]
ERR: 非法操作:js

[ 2017-11-27T20:40:42+08:00 ] 127.0.0.1 /index.php/Admin/register/index.html
INFO: [ app_init ] --START--
INFO: Run Behavior\BuildLiteBehavior [ RunTime:0.000011s ]
INFO: [ app_init ] --END-- [ RunTime:0.000553s ]
INFO: [ app_begin ] --START--
INFO: Run Behavior\ReadHtmlCacheBehavior [ RunTime:0.000522s ]
INFO: [ app_begin ] --END-- [ RunTime:0.000560s ]
INFO: [ view_parse ] --START--
INFO: [ template_filter ] --START--
INFO: Run Behavior\ContentReplaceBehavior [ RunTime:0.000039s ]
INFO: [ template_filter ] --END-- [ RunTime:0.000071s ]
INFO: Run Behavior\ParseTemplateBehavior [ RunTime:0.005839s ]
INFO: [ view_parse ] --END-- [ RunTime:0.005873s ]
INFO: [ view_filter ] --START--
INFO: Run Behavior\WriteHtmlCacheBehavior [ RunTime:0.000336s ]
INFO: [ view_filter ] --END-- [ RunTime:0.000363s ]
INFO: [ app_end ] --START--
INFO: Run Behavior\ShowPageTraceBehavior [ RunTime:0.000489s ]
INFO: [ app_end ] --END-- [ RunTime:0.000516s ]

[ 2017-11-27T20:40:42+08:00 ] 127.0.0.1 /index.php/Admin/register/js/jquery.min.js?v=2.1.4
INFO: [ app_init ] --START--
INFO: Run Behavior\BuildLiteBehavior [ RunTime:0.000008s ]
INFO: [ app_init ] --END-- [ RunTime:0.000492s ]
INFO: [ app_begin ] --START--
INFO: Run Behavior\ReadHtmlCacheBehavior [ RunTime:0.000439s ]
INFO: [ app_begin ] --END-- [ RunTime:0.000471s ]
ERR: 非法操作:js

[ 2017-11-27T20:40:42+08:00 ] 127.0.0.1 /index.php/Admin/register/js/plugins/iCheck/icheck.min.js
INFO: [ app_init ] --START--
INFO: Run Behavior\BuildLiteBehavior [ RunTime:0.000010s ]
INFO: [ app_init ] --END-- [ RunTime:0.000443s ]
INFO: [ app_begin ] --START--
INFO: Run Behavior\ReadHtmlCacheBehavior [ RunTime:0.000513s ]
INFO: [ app_begin ] --END-- [ RunTime:0.000544s ]
ERR: 非法操作:js

[ 2017-11-27T20:40:43+08:00 ] 127.0.0.1 /index.php/Admin/register/js/bootstrap.min.js?v=3.3.6
INFO: [ app_init ] --START--
INFO: Run Behavior\BuildLiteBehavior [ RunTime:0.000010s ]
INFO: [ app_init ] --END-- [ RunTime:0.000534s ]
INFO: [ app_begin ] --START--
INFO: Run Behavior\ReadHtmlCacheBehavior [ RunTime:0.000578s ]
INFO: [ app_begin ] --END-- [ RunTime:0.000615s ]
ERR: 非法操作:js

[ 2017-11-27T20:40:43+08:00 ] 127.0.0.1 /index.php/Admin/register/js/plugins/iCheck/icheck.min.js
INFO: [ app_init ] --START--
INFO: Run Behavior\BuildLiteBehavior [ RunTime:0.000008s ]
INFO: [ app_init ] --END-- [ RunTime:0.000437s ]
INFO: [ app_begin ] --START--
INFO: Run Behavior\ReadHtmlCacheBehavior [ RunTime:0.000482s ]
INFO: [ app_begin ] --END-- [ RunTime:0.000514s ]
ERR: 非法操作:js

[ 2017-11-27T20:41:58+08:00 ] 127.0.0.1 /index.php/Admin/register/index.html
INFO: [ app_init ] --START--
INFO: Run Behavior\BuildLiteBehavior [ RunTime:0.000012s ]
INFO: [ app_init ] --END-- [ RunTime:0.000685s ]
INFO: [ app_begin ] --START--
INFO: Run Behavior\ReadHtmlCacheBehavior [ RunTime:0.000700s ]
INFO: [ app_begin ] --END-- [ RunTime:0.000745s ]
INFO: [ view_parse ] --START--
INFO: [ template_filter ] --START--
INFO: Run Behavior\ContentReplaceBehavior [ RunTime:0.000041s ]
INFO: [ template_filter ] --END-- [ RunTime:0.000076s ]
INFO: Run Behavior\ParseTemplateBehavior [ RunTime:0.007299s ]
INFO: [ view_parse ] --END-- [ RunTime:0.007335s ]
INFO: [ view_filter ] --START--
INFO: Run Behavior\WriteHtmlCacheBehavior [ RunTime:0.000390s ]
INFO: [ view_filter ] --END-- [ RunTime:0.000415s ]
INFO: [ app_end ] --START--
INFO: Run Behavior\ShowPageTraceBehavior [ RunTime:0.000536s ]
INFO: [ app_end ] --END-- [ RunTime:0.000562s ]

[ 2017-11-27T20:41:58+08:00 ] 127.0.0.1 /index.php/Admin/register/js/jquery.min.js?v=2.1.4
INFO: [ app_init ] --START--
INFO: Run Behavior\BuildLiteBehavior [ RunTime:0.000012s ]
INFO: [ app_init ] --END-- [ RunTime:0.000672s ]
INFO: [ app_begin ] --START--
INFO: Run Behavior\ReadHtmlCacheBehavior [ RunTime:0.000793s ]
INFO: [ app_begin ] --END-- [ RunTime:0.000853s ]
ERR: 非法操作:js

[ 2017-11-27T20:41:58+08:00 ] 127.0.0.1 /index.php/Admin/register/js/bootstrap.min.js?v=3.3.6
INFO: [ app_init ] --START--
INFO: Run Behavior\BuildLiteBehavior [ RunTime:0.000011s ]
INFO: [ app_init ] --END-- [ RunTime:0.000609s ]
INFO: [ app_begin ] --START--
INFO: Run Behavior\ReadHtmlCacheBehavior [ RunTime:0.000595s ]
INFO: [ app_begin ] --END-- [ RunTime:0.000636s ]
ERR: 非法操作:js

[ 2017-11-27T20:41:58+08:00 ] 127.0.0.1 /index.php/Admin/register/js/jquery.min.js?v=2.1.4
INFO: [ app_init ] --START--
INFO: Run Behavior\BuildLiteBehavior [ RunTime:0.000020s ]
INFO: [ app_init ] --END-- [ RunTime:0.000949s ]
INFO: [ app_begin ] --START--
INFO: Run Behavior\ReadHtmlCacheBehavior [ RunTime:0.000554s ]
INFO: [ app_begin ] --END-- [ RunTime:0.000601s ]
ERR: 非法操作:js

[ 2017-11-27T20:41:58+08:00 ] 127.0.0.1 /index.php/Admin/register/js/bootstrap.min.js?v=3.3.6
INFO: [ app_init ] --START--
INFO: Run Behavior\BuildLiteBehavior [ RunTime:0.000008s ]
INFO: [ app_init ] --END-- [ RunTime:0.000450s ]
INFO: [ app_begin ] --START--
INFO: Run Behavior\ReadHtmlCacheBehavior [ RunTime:0.000555s ]
INFO: [ app_begin ] --END-- [ RunTime:0.000594s ]
ERR: 非法操作:js

[ 2017-11-27T20:41:59+08:00 ] 127.0.0.1 /index.php/Admin/register/js/plugins/iCheck/icheck.min.js
INFO: [ app_init ] --START--
INFO: Run Behavior\BuildLiteBehavior [ RunTime:0.000013s ]
INFO: [ app_init ] --END-- [ RunTime:0.000613s ]
INFO: [ app_begin ] --START--
INFO: Run Behavior\ReadHtmlCacheBehavior [ RunTime:0.001009s ]
INFO: [ app_begin ] --END-- [ RunTime:0.001097s ]
ERR: 非法操作:js

[ 2017-11-27T20:42:44+08:00 ] 127.0.0.1 /index.php/Admin/register/index.html
INFO: [ app_init ] --START--
INFO: Run Behavior\BuildLiteBehavior [ RunTime:0.000011s ]
INFO: [ app_init ] --END-- [ RunTime:0.000489s ]
INFO: [ app_begin ] --START--
INFO: Run Behavior\ReadHtmlCacheBehavior [ RunTime:0.000556s ]
INFO: [ app_begin ] --END-- [ RunTime:0.000599s ]
INFO: [ view_parse ] --START--
INFO: [ template_filter ] --START--
INFO: Run Behavior\ContentReplaceBehavior [ RunTime:0.000042s ]
INFO: [ template_filter ] --END-- [ RunTime:0.000079s ]
INFO: Run Behavior\ParseTemplateBehavior [ RunTime:0.006272s ]
INFO: [ view_parse ] --END-- [ RunTime:0.006320s ]
INFO: [ view_filter ] --START--
INFO: Run Behavior\WriteHtmlCacheBehavior [ RunTime:0.000361s ]
INFO: [ view_filter ] --END-- [ RunTime:0.000386s ]
INFO: [ app_end ] --START--
INFO: Run Behavior\ShowPageTraceBehavior [ RunTime:0.000582s ]
INFO: [ app_end ] --END-- [ RunTime:0.000612s ]

[ 2017-11-27T20:42:44+08:00 ] 127.0.0.1 /index.php/Admin/register/js/jquery.min.js?v=2.1.4
INFO: [ app_init ] --START--
INFO: Run Behavior\BuildLiteBehavior [ RunTime:0.000013s ]
INFO: [ app_init ] --END-- [ RunTime:0.000654s ]
INFO: [ app_begin ] --START--
INFO: Run Behavior\ReadHtmlCacheBehavior [ RunTime:0.000659s ]
INFO: [ app_begin ] --END-- [ RunTime:0.000717s ]
ERR: 非法操作:js

[ 2017-11-27T20:42:44+08:00 ] 127.0.0.1 /index.php/Admin/register/js/bootstrap.min.js?v=3.3.6
INFO: [ app_init ] --START--
INFO: Run Behavior\BuildLiteBehavior [ RunTime:0.000013s ]
INFO: [ app_init ] --END-- [ RunTime:0.000600s ]
INFO: [ app_begin ] --START--
INFO: Run Behavior\ReadHtmlCacheBehavior [ RunTime:0.000756s ]
INFO: [ app_begin ] --END-- [ RunTime:0.000828s ]
ERR: 非法操作:js

[ 2017-11-27T20:42:44+08:00 ] 127.0.0.1 /index.php/Admin/register/js/bootstrap.min.js?v=3.3.6
INFO: [ app_init ] --START--
INFO: Run Behavior\BuildLiteBehavior [ RunTime:0.000009s ]
INFO: [ app_init ] --END-- [ RunTime:0.000456s ]
INFO: [ app_begin ] --START--
INFO: Run Behavior\ReadHtmlCacheBehavior [ RunTime:0.000802s ]
INFO: [ app_begin ] --END-- [ RunTime:0.000876s ]
ERR: 非法操作:js

[ 2017-11-27T20:42:45+08:00 ] 127.0.0.1 /index.php/Admin/register/js/plugins/iCheck/icheck.min.js
INFO: [ app_init ] --START--
INFO: Run Behavior\BuildLiteBehavior [ RunTime:0.000009s ]
INFO: [ app_init ] --END-- [ RunTime:0.000511s ]
INFO: [ app_begin ] --START--
INFO: Run Behavior\ReadHtmlCacheBehavior [ RunTime:0.000584s ]
INFO: [ app_begin ] --END-- [ RunTime:0.000625s ]
ERR: 非法操作:js

[ 2017-11-27T20:43:10+08:00 ] 127.0.0.1 /index.php/Admin/register/index.html
INFO: [ app_init ] --START--
INFO: Run Behavior\BuildLiteBehavior [ RunTime:0.000014s ]
INFO: [ app_init ] --END-- [ RunTime:0.000606s ]
INFO: [ app_begin ] --START--
INFO: Run Behavior\ReadHtmlCacheBehavior [ RunTime:0.000743s ]
INFO: [ app_begin ] --END-- [ RunTime:0.000801s ]
INFO: [ view_parse ] --START--
INFO: [ template_filter ] --START--
INFO: Run Behavior\ContentReplaceBehavior [ RunTime:0.000043s ]
INFO: [ template_filter ] --END-- [ RunTime:0.000075s ]
INFO: Run Behavior\ParseTemplateBehavior [ RunTime:0.006025s ]
INFO: [ view_parse ] --END-- [ RunTime:0.006060s ]
INFO: [ view_filter ] --START--
INFO: Run Behavior\WriteHtmlCacheBehavior [ RunTime:0.000437s ]
INFO: [ view_filter ] --END-- [ RunTime:0.000466s ]
INFO: [ app_end ] --START--
INFO: Run Behavior\ShowPageTraceBehavior [ RunTime:0.000608s ]
INFO: [ app_end ] --END-- [ RunTime:0.000638s ]

[ 2017-11-27T20:43:10+08:00 ] 127.0.0.1 /index.php/Admin/register/js/bootstrap.min.js?v=3.3.6
INFO: [ app_init ] --START--
INFO: Run Behavior\BuildLiteBehavior [ RunTime:0.000011s ]
INFO: [ app_init ] --END-- [ RunTime:0.000420s ]
INFO: [ app_begin ] --START--
INFO: Run Behavior\ReadHtmlCacheBehavior [ RunTime:0.000619s ]
INFO: [ app_begin ] --END-- [ RunTime:0.000669s ]
ERR: 非法操作:js

[ 2017-11-27T20:43:10+08:00 ] 127.0.0.1 /index.php/Admin/register/js/plugins/iCheck/icheck.min.js
INFO: [ app_init ] --START--
INFO: Run Behavior\BuildLiteBehavior [ RunTime:0.000011s ]
INFO: [ app_init ] --END-- [ RunTime:0.000433s ]
INFO: [ app_begin ] --START--
INFO: Run Behavior\ReadHtmlCacheBehavior [ RunTime:0.000718s ]
INFO: [ app_begin ] --END-- [ RunTime:0.000768s ]
ERR: 非法操作:js

[ 2017-11-27T20:43:10+08:00 ] 127.0.0.1 /index.php/Admin/register/js/bootstrap.min.js?v=3.3.6
INFO: [ app_init ] --START--
INFO: Run Behavior\BuildLiteBehavior [ RunTime:0.000018s ]
INFO: [ app_init ] --END-- [ RunTime:0.000693s ]
INFO: [ app_begin ] --START--
INFO: Run Behavior\ReadHtmlCacheBehavior [ RunTime:0.000685s ]
INFO: [ app_begin ] --END-- [ RunTime:0.000747s ]
ERR: 非法操作:js

[ 2017-11-27T20:43:10+08:00 ] 127.0.0.1 /index.php/Admin/register/js/plugins/iCheck/icheck.min.js
INFO: [ app_init ] --START--
INFO: Run Behavior\BuildLiteBehavior [ RunTime:0.000009s ]
INFO: [ app_init ] --END-- [ RunTime:0.000441s ]
INFO: [ app_begin ] --START--
INFO: Run Behavior\ReadHtmlCacheBehavior [ RunTime:0.000471s ]
INFO: [ app_begin ] --END-- [ RunTime:0.000507s ]
ERR: 非法操作:js

[ 2017-11-27T20:43:49+08:00 ] 127.0.0.1 /index.php/Admin/register/index.html
INFO: [ app_init ] --START--
INFO: Run Behavior\BuildLiteBehavior [ RunTime:0.000008s ]
INFO: [ app_init ] --END-- [ RunTime:0.000439s ]
INFO: [ app_begin ] --START--
INFO: Run Behavior\ReadHtmlCacheBehavior [ RunTime:0.000574s ]
INFO: [ app_begin ] --END-- [ RunTime:0.000614s ]
INFO: [ view_parse ] --START--
INFO: [ template_filter ] --START--
INFO: Run Behavior\ContentReplaceBehavior [ RunTime:0.000039s ]
INFO: [ template_filter ] --END-- [ RunTime:0.000074s ]
INFO: Run Behavior\ParseTemplateBehavior [ RunTime:0.005974s ]
INFO: [ view_parse ] --END-- [ RunTime:0.006022s ]
INFO: [ view_filter ] --START--
INFO: Run Behavior\WriteHtmlCacheBehavior [ RunTime:0.000434s ]
INFO: [ view_filter ] --END-- [ RunTime:0.000467s ]
INFO: [ app_end ] --START--
INFO: Run Behavior\ShowPageTraceBehavior [ RunTime:0.000582s ]
INFO: [ app_end ] --END-- [ RunTime:0.000613s ]

[ 2017-11-27T20:46:27+08:00 ] 127.0.0.1 /index.php/Admin/register/index.html
INFO: [ app_init ] --START--
INFO: Run Behavior\BuildLiteBehavior [ RunTime:0.000008s ]
INFO: [ app_init ] --END-- [ RunTime:0.000466s ]
INFO: [ app_begin ] --START--
INFO: Run Behavior\ReadHtmlCacheBehavior [ RunTime:0.000531s ]
INFO: [ app_begin ] --END-- [ RunTime:0.000563s ]
INFO: [ view_parse ] --START--
INFO: [ template_filter ] --START--
INFO: Run Behavior\ContentReplaceBehavior [ RunTime:0.000045s ]
INFO: [ template_filter ] --END-- [ RunTime:0.000090s ]
INFO: Run Behavior\ParseTemplateBehavior [ RunTime:0.006799s ]
INFO: [ view_parse ] --END-- [ RunTime:0.006837s ]
INFO: [ view_filter ] --START--
INFO: Run Behavior\WriteHtmlCacheBehavior [ RunTime:0.000502s ]
INFO: [ view_filter ] --END-- [ RunTime:0.000535s ]
INFO: [ app_end ] --START--
INFO: Run Behavior\ShowPageTraceBehavior [ RunTime:0.000698s ]
INFO: [ app_end ] --END-- [ RunTime:0.000738s ]

[ 2017-11-27T20:46:58+08:00 ] 127.0.0.1 /index.php/Admin/register/index.html
INFO: [ app_init ] --START--
INFO: Run Behavior\BuildLiteBehavior [ RunTime:0.000030s ]
INFO: [ app_init ] --END-- [ RunTime:0.000572s ]
INFO: [ app_begin ] --START--
INFO: Run Behavior\ReadHtmlCacheBehavior [ RunTime:0.000519s ]
INFO: [ app_begin ] --END-- [ RunTime:0.000559s ]
INFO: [ view_parse ] --START--
INFO: [ template_filter ] --START--
INFO: Run Behavior\ContentReplaceBehavior [ RunTime:0.000044s ]
INFO: [ template_filter ] --END-- [ RunTime:0.000087s ]
INFO: Run Behavior\ParseTemplateBehavior [ RunTime:0.006570s ]
INFO: [ view_parse ] --END-- [ RunTime:0.006611s ]
INFO: [ view_filter ] --START--
INFO: Run Behavior\WriteHtmlCacheBehavior [ RunTime:0.000397s ]
INFO: [ view_filter ] --END-- [ RunTime:0.000426s ]
INFO: [ app_end ] --START--
INFO: Run Behavior\ShowPageTraceBehavior [ RunTime:0.000556s ]
INFO: [ app_end ] --END-- [ RunTime:0.000584s ]

[ 2017-11-27T21:29:55+08:00 ] 127.0.0.1 /index.php/Admin/register/index.html
INFO: [ app_init ] --START--
INFO: Run Behavior\BuildLiteBehavior [ RunTime:0.000022s ]
INFO: [ app_init ] --END-- [ RunTime:0.001078s ]
INFO: [ app_begin ] --START--
INFO: Run Behavior\ReadHtmlCacheBehavior [ RunTime:0.000747s ]
INFO: [ app_begin ] --END-- [ RunTime:0.000788s ]
INFO: [ view_parse ] --START--
INFO: [ template_filter ] --START--
INFO: Run Behavior\ContentReplaceBehavior [ RunTime:0.001858s ]
INFO: [ template_filter ] --END-- [ RunTime:0.001908s ]
INFO: Run Behavior\ParseTemplateBehavior [ RunTime:0.012267s ]
INFO: [ view_parse ] --END-- [ RunTime:0.012320s ]
INFO: [ view_filter ] --START--
INFO: Run Behavior\WriteHtmlCacheBehavior [ RunTime:0.000836s ]
INFO: [ view_filter ] --END-- [ RunTime:0.000869s ]
INFO: [ app_end ] --START--
INFO: Run Behavior\ShowPageTraceBehavior [ RunTime:0.000880s ]
INFO: [ app_end ] --END-- [ RunTime:0.000915s ]

[ 2017-11-27T21:30:09+08:00 ] 127.0.0.1 /index.php/Admin/register/admin/interfaces/username
INFO: [ app_init ] --START--
INFO: Run Behavior\BuildLiteBehavior [ RunTime:0.000010s ]
INFO: [ app_init ] --END-- [ RunTime:0.000488s ]
INFO: [ app_begin ] --START--
INFO: Run Behavior\ReadHtmlCacheBehavior [ RunTime:0.000595s ]
INFO: [ app_begin ] --END-- [ RunTime:0.000638s ]
ERR: 非法操作:admin

[ 2017-11-27T21:30:56+08:00 ] 127.0.0.1 /index.php/Admin/register/index.html
INFO: [ app_init ] --START--
INFO: Run Behavior\BuildLiteBehavior [ RunTime:0.000009s ]
INFO: [ app_init ] --END-- [ RunTime:0.000460s ]
INFO: [ app_begin ] --START--
INFO: Run Behavior\ReadHtmlCacheBehavior [ RunTime:0.000513s ]
INFO: [ app_begin ] --END-- [ RunTime:0.000552s ]
INFO: [ view_parse ] --START--
INFO: [ template_filter ] --START--
INFO: Run Behavior\ContentReplaceBehavior [ RunTime:0.000057s ]
INFO: [ template_filter ] --END-- [ RunTime:0.000107s ]
INFO: Run Behavior\ParseTemplateBehavior [ RunTime:0.007511s ]
INFO: [ view_parse ] --END-- [ RunTime:0.007558s ]
INFO: [ view_filter ] --START--
INFO: Run Behavior\WriteHtmlCacheBehavior [ RunTime:0.000390s ]
INFO: [ view_filter ] --END-- [ RunTime:0.000418s ]
INFO: [ app_end ] --START--
INFO: Run Behavior\ShowPageTraceBehavior [ RunTime:0.000530s ]
INFO: [ app_end ] --END-- [ RunTime:0.000557s ]

[ 2017-11-27T21:30:58+08:00 ] 127.0.0.1 /index.php/Admin/register/interfaces/username
INFO: [ app_init ] --START--
INFO: Run Behavior\BuildLiteBehavior [ RunTime:0.000011s ]
INFO: [ app_init ] --END-- [ RunTime:0.000642s ]
INFO: [ app_begin ] --START--
INFO: Run Behavior\ReadHtmlCacheBehavior [ RunTime:0.000697s ]
INFO: [ app_begin ] --END-- [ RunTime:0.000752s ]
ERR: 非法操作:interfaces

[ 2017-11-27T21:31:51+08:00 ] 127.0.0.1 /index.php/Admin/interfases/username
INFO: [ app_init ] --START--
INFO: Run Behavior\BuildLiteBehavior [ RunTime:0.000008s ]
INFO: [ app_init ] --END-- [ RunTime:0.000434s ]
INFO: [ app_begin ] --START--
INFO: Run Behavior\ReadHtmlCacheBehavior [ RunTime:0.000482s ]
INFO: [ app_begin ] --END-- [ RunTime:0.000515s ]
ERR: 无法加载控制器:Interfases

[ 2017-11-27T21:35:52+08:00 ] 127.0.0.1 /index.php/Admin/interfases/username
INFO: [ app_init ] --START--
INFO: Run Behavior\BuildLiteBehavior [ RunTime:0.000010s ]
INFO: [ app_init ] --END-- [ RunTime:0.000536s ]
INFO: [ app_begin ] --START--
INFO: Run Behavior\ReadHtmlCacheBehavior [ RunTime:0.000534s ]
INFO: [ app_begin ] --END-- [ RunTime:0.000571s ]
ERR: 无法加载控制器:Interfases

[ 2017-11-27T21:35:57+08:00 ] 127.0.0.1 /index.php/Admin/register/interfaces/username
INFO: [ app_init ] --START--
INFO: Run Behavior\BuildLiteBehavior [ RunTime:0.000015s ]
INFO: [ app_init ] --END-- [ RunTime:0.000586s ]
INFO: [ app_begin ] --START--
INFO: Run Behavior\ReadHtmlCacheBehavior [ RunTime:0.000702s ]
INFO: [ app_begin ] --END-- [ RunTime:0.000750s ]
ERR: 非法操作:interfaces

[ 2017-11-27T21:37:41+08:00 ] 127.0.0.1 /index.php/Admin/Interfaces/username.html
INFO: [ app_init ] --START--
INFO: Run Behavior\BuildLiteBehavior [ RunTime:0.000015s ]
INFO: [ app_init ] --END-- [ RunTime:0.000777s ]
INFO: [ app_begin ] --START--
INFO: Run Behavior\ReadHtmlCacheBehavior [ RunTime:0.000582s ]
INFO: [ app_begin ] --END-- [ RunTime:0.000619s ]
ERR: 无法加载控制器:Interfaces

[ 2017-11-27T21:37:51+08:00 ] 127.0.0.1 /index.php/Admin/Interfaces/username
INFO: [ app_init ] --START--
INFO: Run Behavior\BuildLiteBehavior [ RunTime:0.000008s ]
INFO: [ app_init ] --END-- [ RunTime:0.000424s ]
INFO: [ app_begin ] --START--
INFO: Run Behavior\ReadHtmlCacheBehavior [ RunTime:0.000497s ]
INFO: [ app_begin ] --END-- [ RunTime:0.000532s ]
ERR: 无法加载控制器:Interfaces

[ 2017-11-27T21:39:43+08:00 ] 127.0.0.1 /index.php/Admin/Interfaces/username
INFO: [ app_init ] --START--
INFO: Run Behavior\BuildLiteBehavior [ RunTime:0.000009s ]
INFO: [ app_init ] --END-- [ RunTime:0.000517s ]
INFO: [ app_begin ] --START--
INFO: Run Behavior\ReadHtmlCacheBehavior [ RunTime:0.000586s ]
INFO: [ app_begin ] --END-- [ RunTime:0.000629s ]
ERR: 无法加载控制器:Interfaces

[ 2017-11-27T21:40:27+08:00 ] 127.0.0.1 /index.php/Admin/Interfaces/username
INFO: [ app_init ] --START--
INFO: Run Behavior\BuildLiteBehavior [ RunTime:0.000011s ]
INFO: [ app_init ] --END-- [ RunTime:0.000505s ]
INFO: [ app_begin ] --START--
INFO: Run Behavior\ReadHtmlCacheBehavior [ RunTime:0.000530s ]
INFO: [ app_begin ] --END-- [ RunTime:0.000574s ]
ERR: 无法加载控制器:Interfaces

[ 2017-11-27T21:40:29+08:00 ] 127.0.0.1 /index.php/Admin/Interfaces/username
INFO: [ app_init ] --START--
INFO: Run Behavior\BuildLiteBehavior [ RunTime:0.000009s ]
INFO: [ app_init ] --END-- [ RunTime:0.000509s ]
INFO: [ app_begin ] --START--
INFO: Run Behavior\ReadHtmlCacheBehavior [ RunTime:0.000601s ]
INFO: [ app_begin ] --END-- [ RunTime:0.000640s ]
ERR: 无法加载控制器:Interfaces

[ 2017-11-27T21:40:32+08:00 ] 127.0.0.1 /index.php/Admin/Interfaces/username
INFO: [ app_init ] --START--
INFO: Run Behavior\BuildLiteBehavior [ RunTime:0.000009s ]
INFO: [ app_init ] --END-- [ RunTime:0.000419s ]
INFO: [ app_begin ] --START--
INFO: Run Behavior\ReadHtmlCacheBehavior [ RunTime:0.000507s ]
INFO: [ app_begin ] --END-- [ RunTime:0.000541s ]
ERR: 无法加载控制器:Interfaces

[ 2017-11-27T21:40:35+08:00 ] 127.0.0.1 /index.php/Admin/Interfaces/username
INFO: [ app_init ] --START--
INFO: Run Behavior\BuildLiteBehavior [ RunTime:0.000008s ]
INFO: [ app_init ] --END-- [ RunTime:0.000467s ]
INFO: [ app_begin ] --START--
INFO: Run Behavior\ReadHtmlCacheBehavior [ RunTime:0.000510s ]
INFO: [ app_begin ] --END-- [ RunTime:0.000543s ]
ERR: 无法加载控制器:Interfaces

[ 2017-11-27T21:40:52+08:00 ] 127.0.0.1 /index.php/Admin/Interfaces/username
INFO: [ app_init ] --START--
INFO: Run Behavior\BuildLiteBehavior [ RunTime:0.000010s ]
INFO: [ app_init ] --END-- [ RunTime:0.000509s ]
INFO: [ app_begin ] --START--
INFO: Run Behavior\ReadHtmlCacheBehavior [ RunTime:0.000590s ]
INFO: [ app_begin ] --END-- [ RunTime:0.000634s ]
ERR: 无法加载控制器:Interfaces

[ 2017-11-27T21:40:54+08:00 ] 127.0.0.1 /index.php/Admin/Interfaces/username
INFO: [ app_init ] --START--
INFO: Run Behavior\BuildLiteBehavior [ RunTime:0.000008s ]
INFO: [ app_init ] --END-- [ RunTime:0.000416s ]
INFO: [ app_begin ] --START--
INFO: Run Behavior\ReadHtmlCacheBehavior [ RunTime:0.000468s ]
INFO: [ app_begin ] --END-- [ RunTime:0.000499s ]
ERR: 无法加载控制器:Interfaces

[ 2017-11-27T21:42:10+08:00 ] 127.0.0.1 /index.php/Admin/Interfaces/username
INFO: [ app_init ] --START--
INFO: Run Behavior\BuildLiteBehavior [ RunTime:0.000009s ]
INFO: [ app_init ] --END-- [ RunTime:0.000527s ]
INFO: [ app_begin ] --START--
INFO: Run Behavior\ReadHtmlCacheBehavior [ RunTime:0.000581s ]
INFO: [ app_begin ] --END-- [ RunTime:0.000625s ]
ERR: 无法加载控制器:Interfaces

[ 2017-11-27T21:43:28+08:00 ] 127.0.0.1 /index.php/Admin/Interfaces/username
INFO: [ app_init ] --START--
INFO: Run Behavior\BuildLiteBehavior [ RunTime:0.000009s ]
INFO: [ app_init ] --END-- [ RunTime:0.000540s ]
INFO: [ app_begin ] --START--
INFO: Run Behavior\ReadHtmlCacheBehavior [ RunTime:0.000566s ]
INFO: [ app_begin ] --END-- [ RunTime:0.000601s ]

[ 2017-11-27T21:43:51+08:00 ] 127.0.0.1 /index.php/Admin/Interfaces/username
INFO: [ app_init ] --START--
INFO: Run Behavior\BuildLiteBehavior [ RunTime:0.000011s ]
INFO: [ app_init ] --END-- [ RunTime:0.000498s ]
INFO: [ app_begin ] --START--
INFO: Run Behavior\ReadHtmlCacheBehavior [ RunTime:0.000616s ]
INFO: [ app_begin ] --END-- [ RunTime:0.000666s ]
ERR: 无法加载控制器:Interfaces

[ 2017-11-27T21:44:36+08:00 ] 127.0.0.1 /index.php/Admin/Interfaces/username
INFO: [ app_init ] --START--
INFO: Run Behavior\BuildLiteBehavior [ RunTime:0.000010s ]
INFO: [ app_init ] --END-- [ RunTime:0.000529s ]
INFO: [ app_begin ] --START--
INFO: Run Behavior\ReadHtmlCacheBehavior [ RunTime:0.000718s ]
INFO: [ app_begin ] --END-- [ RunTime:0.000774s ]
INFO: [ app_end ] --START--
INFO: Run Behavior\ShowPageTraceBehavior [ RunTime:0.001020s ]
INFO: [ app_end ] --END-- [ RunTime:0.001097s ]

[ 2017-11-27T21:45:27+08:00 ] 127.0.0.1 /index.php/Admin/Interfaces/username
INFO: [ app_init ] --START--
INFO: Run Behavior\BuildLiteBehavior [ RunTime:0.000018s ]
INFO: [ app_init ] --END-- [ RunTime:0.000613s ]
INFO: [ app_begin ] --START--
INFO: Run Behavior\ReadHtmlCacheBehavior [ RunTime:0.000634s ]
INFO: [ app_begin ] --END-- [ RunTime:0.000691s ]
INFO: [ app_end ] --START--
INFO: Run Behavior\ShowPageTraceBehavior [ RunTime:0.000637s ]
INFO: [ app_end ] --END-- [ RunTime:0.000710s ]

[ 2017-11-27T21:45:58+08:00 ] 127.0.0.1 /index.php/Admin/Interfaces/username.html
INFO: [ app_init ] --START--
INFO: Run Behavior\BuildLiteBehavior [ RunTime:0.000024s ]
INFO: [ app_init ] --END-- [ RunTime:0.000499s ]
INFO: [ app_begin ] --START--
INFO: Run Behavior\ReadHtmlCacheBehavior [ RunTime:0.000685s ]
INFO: [ app_begin ] --END-- [ RunTime:0.000732s ]
INFO: [ app_end ] --START--
INFO: Run Behavior\ShowPageTraceBehavior [ RunTime:0.000527s ]
INFO: [ app_end ] --END-- [ RunTime:0.000566s ]

[ 2017-11-27T21:46:02+08:00 ] 127.0.0.1 /index.php/Admin/register/interfaces/username
INFO: [ app_init ] --START--
INFO: Run Behavior\BuildLiteBehavior [ RunTime:0.000015s ]
INFO: [ app_init ] --END-- [ RunTime:0.000743s ]
INFO: [ app_begin ] --START--
INFO: Run Behavior\ReadHtmlCacheBehavior [ RunTime:0.000874s ]
INFO: [ app_begin ] --END-- [ RunTime:0.000950s ]
ERR: 非法操作:interfaces

[ 2017-11-27T21:46:49+08:00 ] 127.0.0.1 /index.php/Admin/register/index.html
INFO: [ app_init ] --START--
INFO: Run Behavior\BuildLiteBehavior [ RunTime:0.000009s ]
INFO: [ app_init ] --END-- [ RunTime:0.000495s ]
INFO: [ app_begin ] --START--
INFO: Run Behavior\ReadHtmlCacheBehavior [ RunTime:0.000550s ]
INFO: [ app_begin ] --END-- [ RunTime:0.000593s ]
INFO: [ view_parse ] --START--
INFO: [ template_filter ] --START--
INFO: Run Behavior\ContentReplaceBehavior [ RunTime:0.000103s ]
INFO: [ template_filter ] --END-- [ RunTime:0.000151s ]
INFO: Run Behavior\ParseTemplateBehavior [ RunTime:0.009749s ]
INFO: [ view_parse ] --END-- [ RunTime:0.009796s ]
INFO: [ view_filter ] --START--
INFO: Run Behavior\WriteHtmlCacheBehavior [ RunTime:0.000457s ]
INFO: [ view_filter ] --END-- [ RunTime:0.000494s ]
INFO: [ app_end ] --START--
INFO: Run Behavior\ShowPageTraceBehavior [ RunTime:0.000638s ]
INFO: [ app_end ] --END-- [ RunTime:0.000682s ]

[ 2017-11-27T21:46:50+08:00 ] 127.0.0.1 /index.php/Admin/Interfaces/username
INFO: [ app_init ] --START--
INFO: Run Behavior\BuildLiteBehavior [ RunTime:0.000011s ]
INFO: [ app_init ] --END-- [ RunTime:0.000557s ]
INFO: [ app_begin ] --START--
INFO: Run Behavior\ReadHtmlCacheBehavior [ RunTime:0.000552s ]
INFO: [ app_begin ] --END-- [ RunTime:0.000586s ]

[ 2017-11-27T21:48:12+08:00 ] 127.0.0.1 /index.php/Admin/Interfaces/username
INFO: [ app_init ] --START--
INFO: Run Behavior\BuildLiteBehavior [ RunTime:0.000012s ]
INFO: [ app_init ] --END-- [ RunTime:0.000691s ]
INFO: [ app_begin ] --START--
INFO: Run Behavior\ReadHtmlCacheBehavior [ RunTime:0.000598s ]
INFO: [ app_begin ] --END-- [ RunTime:0.000639s ]
INFO: [ view_parse ] --START--
INFO: [ template_filter ] --START--
INFO: Run Behavior\ContentReplaceBehavior [ RunTime:0.000028s ]
INFO: [ template_filter ] --END-- [ RunTime:0.000061s ]
INFO: Run Behavior\ParseTemplateBehavior [ RunTime:0.006605s ]
INFO: [ view_parse ] --END-- [ RunTime:0.006651s ]
INFO: [ view_filter ] --START--
INFO: Run Behavior\WriteHtmlCacheBehavior [ RunTime:0.000380s ]
INFO: [ view_filter ] --END-- [ RunTime:0.000413s ]

[ 2017-11-27T21:48:16+08:00 ] 127.0.0.1 /index.php/Admin/login/index.html
INFO: [ app_init ] --START--
INFO: Run Behavior\BuildLiteBehavior [ RunTime:0.000009s ]
INFO: [ app_init ] --END-- [ RunTime:0.000498s ]
INFO: [ app_begin ] --START--
INFO: Run Behavior\ReadHtmlCacheBehavior [ RunTime:0.000587s ]
INFO: [ app_begin ] --END-- [ RunTime:0.000624s ]
INFO: [ view_parse ] --START--
INFO: [ template_filter ] --START--
INFO: Run Behavior\ContentReplaceBehavior [ RunTime:0.000035s ]
INFO: [ template_filter ] --END-- [ RunTime:0.000071s ]
INFO: Run Behavior\ParseTemplateBehavior [ RunTime:0.007958s ]
INFO: [ view_parse ] --END-- [ RunTime:0.008003s ]
INFO: [ view_filter ] --START--
INFO: Run Behavior\WriteHtmlCacheBehavior [ RunTime:0.000422s ]
INFO: [ view_filter ] --END-- [ RunTime:0.000452s ]
INFO: [ app_end ] --START--
INFO: Run Behavior\ShowPageTraceBehavior [ RunTime:0.000610s ]
INFO: [ app_end ] --END-- [ RunTime:0.000638s ]

[ 2017-11-27T21:48:16+08:00 ] 127.0.0.1 /index.php/Admin/login/js/jquery.min.js?v=2.1.4
INFO: [ app_init ] --START--
INFO: Run Behavior\BuildLiteBehavior [ RunTime:0.000008s ]
INFO: [ app_init ] --END-- [ RunTime:0.000474s ]
INFO: [ app_begin ] --START--
INFO: Run Behavior\ReadHtmlCacheBehavior [ RunTime:0.000694s ]
INFO: [ app_begin ] --END-- [ RunTime:0.000744s ]
ERR: 非法操作:js

[ 2017-11-27T21:48:17+08:00 ] 127.0.0.1 /index.php/Admin/login/js/bootstrap.min.js?v=3.3.6
INFO: [ app_init ] --START--
INFO: Run Behavior\BuildLiteBehavior [ RunTime:0.000020s ]
INFO: [ app_init ] --END-- [ RunTime:0.001228s ]
INFO: [ app_begin ] --START--
INFO: Run Behavior\ReadHtmlCacheBehavior [ RunTime:0.001374s ]
INFO: [ app_begin ] --END-- [ RunTime:0.001470s ]
ERR: 非法操作:js

[ 2017-11-27T21:48:17+08:00 ] 127.0.0.1 /index.php/Admin/login/favicon.ico
INFO: [ app_init ] --START--
INFO: Run Behavior\BuildLiteBehavior [ RunTime:0.000009s ]
INFO: [ app_init ] --END-- [ RunTime:0.000480s ]

[ 2017-11-27T21:48:26+08:00 ] 127.0.0.1 /index.php/Admin/login/index.html
INFO: [ app_init ] --START--
INFO: Run Behavior\BuildLiteBehavior [ RunTime:0.000010s ]
INFO: [ app_init ] --END-- [ RunTime:0.000442s ]
INFO: [ app_begin ] --START--
INFO: Run Behavior\ReadHtmlCacheBehavior [ RunTime:0.000649s ]
INFO: [ app_begin ] --END-- [ RunTime:0.000697s ]
INFO: [ view_parse ] --START--
INFO: [ template_filter ] --START--
INFO: Run Behavior\ContentReplaceBehavior [ RunTime:0.000036s ]
INFO: [ template_filter ] --END-- [ RunTime:0.000073s ]
INFO: Run Behavior\ParseTemplateBehavior [ RunTime:0.006224s ]
INFO: [ view_parse ] --END-- [ RunTime:0.006264s ]
INFO: [ view_filter ] --START--
INFO: Run Behavior\WriteHtmlCacheBehavior [ RunTime:0.000407s ]
INFO: [ view_filter ] --END-- [ RunTime:0.000444s ]
INFO: [ app_end ] --START--
INFO: Run Behavior\ShowPageTraceBehavior [ RunTime:0.000793s ]
INFO: [ app_end ] --END-- [ RunTime:0.000872s ]

[ 2017-11-27T21:48:26+08:00 ] 127.0.0.1 /index.php/Admin/login/js/jquery.min.js?v=2.1.4
INFO: [ app_init ] --START--
INFO: Run Behavior\BuildLiteBehavior [ RunTime:0.000008s ]
INFO: [ app_init ] --END-- [ RunTime:0.000436s ]
INFO: [ app_begin ] --START--
INFO: Run Behavior\ReadHtmlCacheBehavior [ RunTime:0.000552s ]
INFO: [ app_begin ] --END-- [ RunTime:0.000588s ]
ERR: 非法操作:js

[ 2017-11-27T21:48:27+08:00 ] 127.0.0.1 /index.php/Admin/login/js/bootstrap.min.js?v=3.3.6
INFO: [ app_init ] --START--
INFO: Run Behavior\BuildLiteBehavior [ RunTime:0.000009s ]
INFO: [ app_init ] --END-- [ RunTime:0.000480s ]
INFO: [ app_begin ] --START--
INFO: Run Behavior\ReadHtmlCacheBehavior [ RunTime:0.000478s ]
INFO: [ app_begin ] --END-- [ RunTime:0.000511s ]
ERR: 非法操作:js

[ 2017-11-27T21:48:31+08:00 ] 127.0.0.1 /index.php/Admin/Interfaces/username
INFO: [ app_init ] --START--
INFO: Run Behavior\BuildLiteBehavior [ RunTime:0.000011s ]
INFO: [ app_init ] --END-- [ RunTime:0.000584s ]
INFO: [ app_begin ] --START--
INFO: Run Behavior\ReadHtmlCacheBehavior [ RunTime:0.000649s ]
INFO: [ app_begin ] --END-- [ RunTime:0.000691s ]
INFO: [ app_end ] --START--
INFO: Run Behavior\ShowPageTraceBehavior [ RunTime:0.000728s ]
INFO: [ app_end ] --END-- [ RunTime:0.000773s ]

[ 2017-11-27T21:48:39+08:00 ] 127.0.0.1 /index.php/Admin/Interfaces/username
INFO: [ app_init ] --START--
INFO: Run Behavior\BuildLiteBehavior [ RunTime:0.000012s ]
INFO: [ app_init ] --END-- [ RunTime:0.000549s ]
INFO: [ app_begin ] --START--
INFO: Run Behavior\ReadHtmlCacheBehavior [ RunTime:0.000615s ]
INFO: [ app_begin ] --END-- [ RunTime:0.000663s ]
INFO: [ app_end ] --START--
INFO: Run Behavior\ShowPageTraceBehavior [ RunTime:0.000626s ]
INFO: [ app_end ] --END-- [ RunTime:0.000675s ]

[ 2017-11-27T21:48:49+08:00 ] 127.0.0.1 /index.php/Admin/register/index.html
INFO: [ app_init ] --START--
INFO: Run Behavior\BuildLiteBehavior [ RunTime:0.000010s ]
INFO: [ app_init ] --END-- [ RunTime:0.000565s ]
INFO: [ app_begin ] --START--
INFO: Run Behavior\ReadHtmlCacheBehavior [ RunTime:0.000641s ]
INFO: [ app_begin ] --END-- [ RunTime:0.000683s ]
INFO: [ view_parse ] --START--
INFO: [ template_filter ] --START--
INFO: Run Behavior\ContentReplaceBehavior [ RunTime:0.000043s ]
INFO: [ template_filter ] --END-- [ RunTime:0.000075s ]
INFO: Run Behavior\ParseTemplateBehavior [ RunTime:0.005715s ]
INFO: [ view_parse ] --END-- [ RunTime:0.005749s ]
INFO: [ view_filter ] --START--
INFO: Run Behavior\WriteHtmlCacheBehavior [ RunTime:0.000381s ]
INFO: [ view_filter ] --END-- [ RunTime:0.000410s ]
INFO: [ app_end ] --START--
INFO: Run Behavior\ShowPageTraceBehavior [ RunTime:0.000741s ]
INFO: [ app_end ] --END-- [ RunTime:0.000811s ]

[ 2017-11-27T21:48:50+08:00 ] 127.0.0.1 /index.php/Admin/Interfaces/username
INFO: [ app_init ] --START--
INFO: Run Behavior\BuildLiteBehavior [ RunTime:0.000010s ]
INFO: [ app_init ] --END-- [ RunTime:0.000512s ]
INFO: [ app_begin ] --START--
INFO: Run Behavior\ReadHtmlCacheBehavior [ RunTime:0.000572s ]
INFO: [ app_begin ] --END-- [ RunTime:0.000615s ]
INFO: [ app_end ] --START--
INFO: Run Behavior\ShowPageTraceBehavior [ RunTime:0.000718s ]
INFO: [ app_end ] --END-- [ RunTime:0.000768s ]

[ 2017-11-27T21:56:16+08:00 ] 127.0.0.1 /index.php/Admin/register/index.html
INFO: [ app_init ] --START--
INFO: Run Behavior\BuildLiteBehavior [ RunTime:0.000021s ]
INFO: [ app_init ] --END-- [ RunTime:0.000947s ]
INFO: [ app_begin ] --START--
INFO: Run Behavior\ReadHtmlCacheBehavior [ RunTime:0.000813s ]
INFO: [ app_begin ] --END-- [ RunTime:0.000874s ]
INFO: [ view_parse ] --START--
INFO: [ template_filter ] --START--
INFO: Run Behavior\ContentReplaceBehavior [ RunTime:0.000642s ]
INFO: [ template_filter ] --END-- [ RunTime:0.000699s ]
INFO: Run Behavior\ParseTemplateBehavior [ RunTime:0.011227s ]
INFO: [ view_parse ] --END-- [ RunTime:0.011285s ]
INFO: [ view_filter ] --START--
INFO: Run Behavior\WriteHtmlCacheBehavior [ RunTime:0.000508s ]
INFO: [ view_filter ] --END-- [ RunTime:0.000547s ]
INFO: [ app_end ] --START--
INFO: Run Behavior\ShowPageTraceBehavior [ RunTime:0.000661s ]
INFO: [ app_end ] --END-- [ RunTime:0.000708s ]

[ 2017-11-27T21:56:18+08:00 ] 127.0.0.1 /index.php/Admin/Interfaces/username
INFO: [ app_init ] --START--
INFO: Run Behavior\BuildLiteBehavior [ RunTime:0.000010s ]
INFO: [ app_init ] --END-- [ RunTime:0.000451s ]
INFO: [ app_begin ] --START--
INFO: Run Behavior\ReadHtmlCacheBehavior [ RunTime:0.000545s ]
INFO: [ app_begin ] --END-- [ RunTime:0.000587s ]
NOTIC: [8] Use of undefined constant I - assumed 'I' D:\WWW\tp_3.2_audio\Application\Admin\Controller\InterfacesController.class.php 第 19 行.
INFO: [ app_end ] --START--
INFO: Run Behavior\ShowPageTraceBehavior [ RunTime:0.000629s ]
INFO: [ app_end ] --END-- [ RunTime:0.000677s ]

[ 2017-11-27T22:00:32+08:00 ] 127.0.0.1 /index.php/Admin/register/index.html
INFO: [ app_init ] --START--
INFO: Run Behavior\BuildLiteBehavior [ RunTime:0.000016s ]
INFO: [ app_init ] --END-- [ RunTime:0.000751s ]
INFO: [ app_begin ] --START--
INFO: Run Behavior\ReadHtmlCacheBehavior [ RunTime:0.000736s ]
INFO: [ app_begin ] --END-- [ RunTime:0.000792s ]
INFO: [ view_parse ] --START--
INFO: [ template_filter ] --START--
INFO: Run Behavior\ContentReplaceBehavior [ RunTime:0.000048s ]
INFO: [ template_filter ] --END-- [ RunTime:0.000096s ]
INFO: Run Behavior\ParseTemplateBehavior [ RunTime:0.007563s ]
INFO: [ view_parse ] --END-- [ RunTime:0.007611s ]
INFO: [ view_filter ] --START--
INFO: Run Behavior\WriteHtmlCacheBehavior [ RunTime:0.000564s ]
INFO: [ view_filter ] --END-- [ RunTime:0.000599s ]
INFO: [ app_end ] --START--
INFO: Run Behavior\ShowPageTraceBehavior [ RunTime:0.000813s ]
INFO: [ app_end ] --END-- [ RunTime:0.000865s ]

[ 2017-11-27T22:00:38+08:00 ] 127.0.0.1 /index.php/Admin/Interfaces/username
INFO: [ app_init ] --START--
INFO: Run Behavior\BuildLiteBehavior [ RunTime:0.000010s ]
INFO: [ app_init ] --END-- [ RunTime:0.000484s ]
INFO: [ app_begin ] --START--
INFO: Run Behavior\ReadHtmlCacheBehavior [ RunTime:0.000585s ]
INFO: [ app_begin ] --END-- [ RunTime:0.000629s ]
INFO: [ app_end ] --START--
INFO: Run Behavior\ShowPageTraceBehavior [ RunTime:0.000723s ]
INFO: [ app_end ] --END-- [ RunTime:0.000770s ]

[ 2017-11-27T22:37:39+08:00 ] 127.0.0.1 /index.php/Admin/Interfaces/username
INFO: [ app_init ] --START--
INFO: Run Behavior\BuildLiteBehavior [ RunTime:0.000012s ]
INFO: [ app_init ] --END-- [ RunTime:0.000859s ]
INFO: [ app_begin ] --START--
INFO: Run Behavior\ReadHtmlCacheBehavior [ RunTime:0.000850s ]
INFO: [ app_begin ] --END-- [ RunTime:0.000881s ]
INFO: [ app_end ] --START--
INFO: Run Behavior\ShowPageTraceBehavior [ RunTime:0.001289s ]
INFO: [ app_end ] --END-- [ RunTime:0.001355s ]

[ 2017-11-27T22:38:25+08:00 ] 127.0.0.1 /index.php/Admin/register/index.html
INFO: [ app_init ] --START--
INFO: Run Behavior\BuildLiteBehavior [ RunTime:0.000011s ]
INFO: [ app_init ] --END-- [ RunTime:0.000633s ]
INFO: [ app_begin ] --START--
INFO: Run Behavior\ReadHtmlCacheBehavior [ RunTime:0.000773s ]
INFO: [ app_begin ] --END-- [ RunTime:0.000816s ]
INFO: [ view_parse ] --START--
INFO: [ template_filter ] --START--
INFO: Run Behavior\ContentReplaceBehavior [ RunTime:0.001278s ]
INFO: [ template_filter ] --END-- [ RunTime:0.001351s ]
INFO: Run Behavior\ParseTemplateBehavior [ RunTime:0.015808s ]
INFO: [ view_parse ] --END-- [ RunTime:0.015889s ]
INFO: [ view_filter ] --START--
INFO: Run Behavior\WriteHtmlCacheBehavior [ RunTime:0.000744s ]
INFO: [ view_filter ] --END-- [ RunTime:0.000797s ]
INFO: [ app_end ] --START--
INFO: Run Behavior\ShowPageTraceBehavior [ RunTime:0.000853s ]
INFO: [ app_end ] --END-- [ RunTime:0.000891s ]

[ 2017-11-27T22:38:30+08:00 ] 127.0.0.1 /index.php/Admin/Interfaces/username
INFO: [ app_init ] --START--
INFO: Run Behavior\BuildLiteBehavior [ RunTime:0.000018s ]
INFO: [ app_init ] --END-- [ RunTime:0.000648s ]
INFO: [ app_begin ] --START--
INFO: Run Behavior\ReadHtmlCacheBehavior [ RunTime:0.000806s ]
INFO: [ app_begin ] --END-- [ RunTime:0.000871s ]
NOTIC: [8] Array to string conversion D:\WWW\tp_3.2_audio\Application\Admin\Controller\InterfacesController.class.php 第 19 行.
INFO: [ app_end ] --START--
INFO: Run Behavior\ShowPageTraceBehavior [ RunTime:0.000838s ]
INFO: [ app_end ] --END-- [ RunTime:0.000887s ]

[ 2017-11-27T22:45:29+08:00 ] 127.0.0.1 /index.php/Admin/register/index.html
INFO: [ app_init ] --START--
INFO: Run Behavior\BuildLiteBehavior [ RunTime:0.000012s ]
INFO: [ app_init ] --END-- [ RunTime:0.000879s ]
INFO: [ app_begin ] --START--
INFO: Run Behavior\ReadHtmlCacheBehavior [ RunTime:0.001102s ]
INFO: [ app_begin ] --END-- [ RunTime:0.001142s ]
INFO: [ view_parse ] --START--
INFO: [ template_filter ] --START--
INFO: Run Behavior\ContentReplaceBehavior [ RunTime:0.000079s ]
INFO: [ template_filter ] --END-- [ RunTime:0.000126s ]
INFO: Run Behavior\ParseTemplateBehavior [ RunTime:0.011249s ]
INFO: [ view_parse ] --END-- [ RunTime:0.011304s ]
INFO: [ view_filter ] --START--
INFO: Run Behavior\WriteHtmlCacheBehavior [ RunTime:0.000578s ]
INFO: [ view_filter ] --END-- [ RunTime:0.000611s ]
INFO: [ app_end ] --START--
INFO: Run Behavior\ShowPageTraceBehavior [ RunTime:0.000929s ]
INFO: [ app_end ] --END-- [ RunTime:0.000967s ]

[ 2017-11-27T22:45:34+08:00 ] 127.0.0.1 /index.php/Admin/Interfaces/username
INFO: [ app_init ] --START--
INFO: Run Behavior\BuildLiteBehavior [ RunTime:0.000011s ]
INFO: [ app_init ] --END-- [ RunTime:0.000567s ]
INFO: [ app_begin ] --START--
INFO: Run Behavior\ReadHtmlCacheBehavior [ RunTime:0.000880s ]
INFO: [ app_begin ] --END-- [ RunTime:0.000958s ]
INFO: [ app_end ] --START--
INFO: Run Behavior\ShowPageTraceBehavior [ RunTime:0.000723s ]
INFO: [ app_end ] --END-- [ RunTime:0.000790s ]

[ 2017-11-27T22:46:08+08:00 ] 127.0.0.1 /index.php/Admin/register/index.html
INFO: [ app_init ] --START--
INFO: Run Behavior\BuildLiteBehavior [ RunTime:0.000010s ]
INFO: [ app_init ] --END-- [ RunTime:0.000528s ]
INFO: [ app_begin ] --START--
INFO: Run Behavior\ReadHtmlCacheBehavior [ RunTime:0.000991s ]
INFO: [ app_begin ] --END-- [ RunTime:0.001063s ]
INFO: [ view_parse ] --START--
INFO: [ template_filter ] --START--
INFO: Run Behavior\ContentReplaceBehavior [ RunTime:0.000057s ]
INFO: [ template_filter ] --END-- [ RunTime:0.000109s ]
INFO: Run Behavior\ParseTemplateBehavior [ RunTime:0.012202s ]
INFO: [ view_parse ] --END-- [ RunTime:0.012285s ]
INFO: [ view_filter ] --START--
INFO: Run Behavior\WriteHtmlCacheBehavior [ RunTime:0.000585s ]
INFO: [ view_filter ] --END-- [ RunTime:0.000653s ]
INFO: [ app_end ] --START--
INFO: Run Behavior\ShowPageTraceBehavior [ RunTime:0.001741s ]
INFO: [ app_end ] --END-- [ RunTime:0.001826s ]

[ 2017-11-27T22:46:14+08:00 ] 127.0.0.1 /index.php/Admin/Interfaces/username
INFO: [ app_init ] --START--
INFO: Run Behavior\BuildLiteBehavior [ RunTime:0.000010s ]
INFO: [ app_init ] --END-- [ RunTime:0.000500s ]
INFO: [ app_begin ] --START--
INFO: Run Behavior\ReadHtmlCacheBehavior [ RunTime:0.000615s ]
INFO: [ app_begin ] --END-- [ RunTime:0.000662s ]
INFO: [ app_end ] --START--
INFO: Run Behavior\ShowPageTraceBehavior [ RunTime:0.000634s ]
INFO: [ app_end ] --END-- [ RunTime:0.000697s ]

[ 2017-11-27T22:59:08+08:00 ] 127.0.0.1 /index.php/Admin/register/index.html
INFO: [ app_init ] --START--
INFO: Run Behavior\BuildLiteBehavior [ RunTime:0.000012s ]
INFO: [ app_init ] --END-- [ RunTime:0.000554s ]
INFO: [ app_begin ] --START--
INFO: Run Behavior\ReadHtmlCacheBehavior [ RunTime:0.000560s ]
INFO: [ app_begin ] --END-- [ RunTime:0.000595s ]
INFO: [ view_parse ] --START--
INFO: [ template_filter ] --START--
INFO: Run Behavior\ContentReplaceBehavior [ RunTime:0.000079s ]
INFO: [ template_filter ] --END-- [ RunTime:0.000120s ]
INFO: Run Behavior\ParseTemplateBehavior [ RunTime:0.008421s ]
INFO: [ view_parse ] --END-- [ RunTime:0.008462s ]
INFO: [ view_filter ] --START--
INFO: Run Behavior\WriteHtmlCacheBehavior [ RunTime:0.000542s ]
INFO: [ view_filter ] --END-- [ RunTime:0.000570s ]
INFO: [ app_end ] --START--
INFO: Run Behavior\ShowPageTraceBehavior [ RunTime:0.000853s ]
INFO: [ app_end ] --END-- [ RunTime:0.000881s ]

[ 2017-11-27T22:59:11+08:00 ] 127.0.0.1 /index.php/Admin/Interfaces/username
INFO: [ app_init ] --START--
INFO: Run Behavior\BuildLiteBehavior [ RunTime:0.000010s ]
INFO: [ app_init ] --END-- [ RunTime:0.000495s ]
INFO: [ app_begin ] --START--
INFO: Run Behavior\ReadHtmlCacheBehavior [ RunTime:0.000518s ]
INFO: [ app_begin ] --END-- [ RunTime:0.000559s ]
INFO: [ app_end ] --START--
INFO: Run Behavior\ShowPageTraceBehavior [ RunTime:0.000607s ]
INFO: [ app_end ] --END-- [ RunTime:0.000659s ]

[ 2017-11-27T23:00:01+08:00 ] 127.0.0.1 /index.php/Admin/register/index.html
INFO: [ app_init ] --START--
INFO: Run Behavior\BuildLiteBehavior [ RunTime:0.000012s ]
INFO: [ app_init ] --END-- [ RunTime:0.000520s ]
INFO: [ app_begin ] --START--
INFO: Run Behavior\ReadHtmlCacheBehavior [ RunTime:0.000614s ]
INFO: [ app_begin ] --END-- [ RunTime:0.000667s ]
INFO: [ view_parse ] --START--
INFO: [ template_filter ] --START--
INFO: Run Behavior\ContentReplaceBehavior [ RunTime:0.000054s ]
INFO: [ template_filter ] --END-- [ RunTime:0.000110s ]
INFO: Run Behavior\ParseTemplateBehavior [ RunTime:0.009020s ]
INFO: [ view_parse ] --END-- [ RunTime:0.009074s ]
INFO: [ view_filter ] --START--
INFO: Run Behavior\WriteHtmlCacheBehavior [ RunTime:0.000464s ]
INFO: [ view_filter ] --END-- [ RunTime:0.000505s ]
INFO: [ app_end ] --START--
INFO: Run Behavior\ShowPageTraceBehavior [ RunTime:0.000689s ]
INFO: [ app_end ] --END-- [ RunTime:0.000736s ]

[ 2017-11-27T23:00:04+08:00 ] 127.0.0.1 /index.php/Admin/Interfaces/username
INFO: [ app_init ] --START--
INFO: Run Behavior\BuildLiteBehavior [ RunTime:0.000012s ]
INFO: [ app_init ] --END-- [ RunTime:0.000531s ]
INFO: [ app_begin ] --START--
INFO: Run Behavior\ReadHtmlCacheBehavior [ RunTime:0.000563s ]
INFO: [ app_begin ] --END-- [ RunTime:0.000599s ]
INFO: [ app_end ] --START--
INFO: Run Behavior\ShowPageTraceBehavior [ RunTime:0.000599s ]
INFO: [ app_end ] --END-- [ RunTime:0.000641s ]

[ 2017-11-27T23:00:10+08:00 ] 127.0.0.1 /index.php/Admin/Interfaces/username
INFO: [ app_init ] --START--
INFO: Run Behavior\BuildLiteBehavior [ RunTime:0.000009s ]
INFO: [ app_init ] --END-- [ RunTime:0.000519s ]
INFO: [ app_begin ] --START--
INFO: Run Behavior\ReadHtmlCacheBehavior [ RunTime:0.000561s ]
INFO: [ app_begin ] --END-- [ RunTime:0.000597s ]
INFO: [ app_end ] --START--
INFO: Run Behavior\ShowPageTraceBehavior [ RunTime:0.000652s ]
INFO: [ app_end ] --END-- [ RunTime:0.000699s ]

[ 2017-11-27T23:10:44+08:00 ] 127.0.0.1 /index.php/Admin/Interfaces/username
INFO: [ app_init ] --START--
INFO: Run Behavior\BuildLiteBehavior [ RunTime:0.000011s ]
INFO: [ app_init ] --END-- [ RunTime:0.000510s ]
INFO: [ app_begin ] --START--
INFO: Run Behavior\ReadHtmlCacheBehavior [ RunTime:0.000546s ]
INFO: [ app_begin ] --END-- [ RunTime:0.000582s ]
INFO: [ app_end ] --START--
INFO: Run Behavior\ShowPageTraceBehavior [ RunTime:0.000591s ]
INFO: [ app_end ] --END-- [ RunTime:0.000631s ]

[ 2017-11-27T23:10:45+08:00 ] 127.0.0.1 /index.php/Admin/Interfaces/username
INFO: [ app_init ] --START--
INFO: Run Behavior\BuildLiteBehavior [ RunTime:0.000008s ]
INFO: [ app_init ] --END-- [ RunTime:0.000394s ]
INFO: [ app_begin ] --START--
INFO: Run Behavior\ReadHtmlCacheBehavior [ RunTime:0.000534s ]
INFO: [ app_begin ] --END-- [ RunTime:0.000570s ]
INFO: [ app_end ] --START--
INFO: Run Behavior\ShowPageTraceBehavior [ RunTime:0.000566s ]
INFO: [ app_end ] --END-- [ RunTime:0.000625s ]

[ 2017-11-27T23:10:46+08:00 ] 127.0.0.1 /index.php/Admin/Interfaces/username
INFO: [ app_init ] --START--
INFO: Run Behavior\BuildLiteBehavior [ RunTime:0.000010s ]
INFO: [ app_init ] --END-- [ RunTime:0.000490s ]
INFO: [ app_begin ] --START--
INFO: Run Behavior\ReadHtmlCacheBehavior [ RunTime:0.000598s ]
INFO: [ app_begin ] --END-- [ RunTime:0.000638s ]
INFO: [ app_end ] --START--
INFO: Run Behavior\ShowPageTraceBehavior [ RunTime:0.000608s ]
INFO: [ app_end ] --END-- [ RunTime:0.000654s ]

[ 2017-11-27T23:10:49+08:00 ] 127.0.0.1 /index.php/Admin/Interfaces/username
INFO: [ app_init ] --START--
INFO: Run Behavior\BuildLiteBehavior [ RunTime:0.000013s ]
INFO: [ app_init ] --END-- [ RunTime:0.000799s ]
INFO: [ app_begin ] --START--
INFO: Run Behavior\ReadHtmlCacheBehavior [ RunTime:0.000774s ]
INFO: [ app_begin ] --END-- [ RunTime:0.000845s ]
INFO: [ app_end ] --START--
INFO: Run Behavior\ShowPageTraceBehavior [ RunTime:0.000594s ]
INFO: [ app_end ] --END-- [ RunTime:0.000636s ]

[ 2017-11-27T23:11:09+08:00 ] 127.0.0.1 /index.php/Admin/Interfaces/username
INFO: [ app_init ] --START--
INFO: Run Behavior\BuildLiteBehavior [ RunTime:0.000012s ]
INFO: [ app_init ] --END-- [ RunTime:0.000490s ]
INFO: [ app_begin ] --START--
INFO: Run Behavior\ReadHtmlCacheBehavior [ RunTime:0.000553s ]
INFO: [ app_begin ] --END-- [ RunTime:0.000597s ]
INFO: [ app_end ] --START--
INFO: Run Behavior\ShowPageTraceBehavior [ RunTime:0.000531s ]
INFO: [ app_end ] --END-- [ RunTime:0.000578s ]

[ 2017-11-27T23:11:21+08:00 ] 127.0.0.1 /index.php/Admin/Interfaces/username
INFO: [ app_init ] --START--
INFO: Run Behavior\BuildLiteBehavior [ RunTime:0.000012s ]
INFO: [ app_init ] --END-- [ RunTime:0.000550s ]
INFO: [ app_begin ] --START--
INFO: Run Behavior\ReadHtmlCacheBehavior [ RunTime:0.000761s ]
INFO: [ app_begin ] --END-- [ RunTime:0.000823s ]
SQL: SHOW COLUMNS FROM `user` [ RunTime:0.0136s ]
NOTIC: [2] Illegal string offset 'username' D:\WWW\tp_3.2_audio\Application\Admin\Controller\InterfacesController.class.php 第 25 行.
SQL: SELECT `username` FROM `user` WHERE `username` = '8' LIMIT 1   [ RunTime:0.0005s ]
INFO: [ app_end ] --START--
INFO: Run Behavior\ShowPageTraceBehavior [ RunTime:0.000748s ]
INFO: [ app_end ] --END-- [ RunTime:0.000789s ]

[ 2017-11-27T23:12:52+08:00 ] 127.0.0.1 /index.php/Admin/Interfaces/username
INFO: [ app_init ] --START--
INFO: Run Behavior\BuildLiteBehavior [ RunTime:0.000009s ]
INFO: [ app_init ] --END-- [ RunTime:0.000513s ]
INFO: [ app_begin ] --START--
INFO: Run Behavior\ReadHtmlCacheBehavior [ RunTime:0.000788s ]
INFO: [ app_begin ] --END-- [ RunTime:0.000849s ]
SQL: SHOW COLUMNS FROM `user` [ RunTime:0.0085s ]
NOTIC: [2] Illegal string offset 'username' D:\WWW\tp_3.2_audio\Application\Admin\Controller\InterfacesController.class.php 第 25 行.
SQL: SELECT `username` FROM `user` WHERE `username` = '5' LIMIT 1   [ RunTime:0.0003s ]
INFO: [ app_end ] --START--
INFO: Run Behavior\ShowPageTraceBehavior [ RunTime:0.000640s ]
INFO: [ app_end ] --END-- [ RunTime:0.000667s ]

[ 2017-11-27T23:12:54+08:00 ] 127.0.0.1 /index.php/Admin/Interfaces/username
INFO: [ app_init ] --START--
INFO: Run Behavior\BuildLiteBehavior [ RunTime:0.000020s ]
INFO: [ app_init ] --END-- [ RunTime:0.000680s ]
INFO: [ app_begin ] --START--
INFO: Run Behavior\ReadHtmlCacheBehavior [ RunTime:0.000501s ]
INFO: [ app_begin ] --END-- [ RunTime:0.000539s ]
INFO: [ app_end ] --START--
INFO: Run Behavior\ShowPageTraceBehavior [ RunTime:0.000586s ]
INFO: [ app_end ] --END-- [ RunTime:0.000626s ]

[ 2017-11-27T23:14:11+08:00 ] 127.0.0.1 /index.php/Admin/register/index.html
INFO: [ app_init ] --START--
INFO: Run Behavior\BuildLiteBehavior [ RunTime:0.000009s ]
INFO: [ app_init ] --END-- [ RunTime:0.000704s ]
INFO: [ app_begin ] --START--
INFO: Run Behavior\ReadHtmlCacheBehavior [ RunTime:0.000998s ]
INFO: [ app_begin ] --END-- [ RunTime:0.001065s ]
INFO: [ view_parse ] --START--
INFO: [ template_filter ] --START--
INFO: Run Behavior\ContentReplaceBehavior [ RunTime:0.000067s ]
INFO: [ template_filter ] --END-- [ RunTime:0.000118s ]
INFO: Run Behavior\ParseTemplateBehavior [ RunTime:0.009307s ]
INFO: [ view_parse ] --END-- [ RunTime:0.009351s ]
INFO: [ view_filter ] --START--
INFO: Run Behavior\WriteHtmlCacheBehavior [ RunTime:0.000466s ]
INFO: [ view_filter ] --END-- [ RunTime:0.000500s ]
INFO: [ app_end ] --START--
INFO: Run Behavior\ShowPageTraceBehavior [ RunTime:0.000560s ]
INFO: [ app_end ] --END-- [ RunTime:0.000593s ]

[ 2017-11-27T23:14:15+08:00 ] 127.0.0.1 /index.php/Admin/Interfaces/username
INFO: [ app_init ] --START--
INFO: Run Behavior\BuildLiteBehavior [ RunTime:0.000009s ]
INFO: [ app_init ] --END-- [ RunTime:0.000410s ]
INFO: [ app_begin ] --START--
INFO: Run Behavior\ReadHtmlCacheBehavior [ RunTime:0.000489s ]
INFO: [ app_begin ] --END-- [ RunTime:0.000521s ]
SQL: SHOW COLUMNS FROM `user` [ RunTime:0.0154s ]
NOTIC: [2] Illegal string offset 'username' D:\WWW\tp_3.2_audio\Application\Admin\Controller\InterfacesController.class.php 第 25 行.
SQL: SELECT `username` FROM `user` WHERE `username` = '9' LIMIT 1   [ RunTime:0.0003s ]
INFO: [ app_end ] --START--
INFO: Run Behavior\ShowPageTraceBehavior [ RunTime:0.000587s ]
INFO: [ app_end ] --END-- [ RunTime:0.000616s ]

[ 2017-11-27T23:15:03+08:00 ] 127.0.0.1 /index.php/Admin/Interfaces/username
INFO: [ app_init ] --START--
INFO: Run Behavior\BuildLiteBehavior [ RunTime:0.000008s ]
INFO: [ app_init ] --END-- [ RunTime:0.000486s ]
INFO: [ app_begin ] --START--
INFO: Run Behavior\ReadHtmlCacheBehavior [ RunTime:0.000530s ]
INFO: [ app_begin ] --END-- [ RunTime:0.000561s ]
SQL: SHOW COLUMNS FROM `user` [ RunTime:0.0150s ]
NOTIC: [2] Illegal string offset 'username' D:\WWW\tp_3.2_audio\Application\Admin\Controller\InterfacesController.class.php 第 25 行.

[ 2017-11-27T23:15:39+08:00 ] 127.0.0.1 /index.php/Admin/register/index.html
INFO: [ app_init ] --START--
INFO: Run Behavior\BuildLiteBehavior [ RunTime:0.000012s ]
INFO: [ app_init ] --END-- [ RunTime:0.000562s ]
INFO: [ app_begin ] --START--
INFO: Run Behavior\ReadHtmlCacheBehavior [ RunTime:0.000668s ]
INFO: [ app_begin ] --END-- [ RunTime:0.000724s ]
INFO: [ view_parse ] --START--
INFO: [ template_filter ] --START--
INFO: Run Behavior\ContentReplaceBehavior [ RunTime:0.000056s ]
INFO: [ template_filter ] --END-- [ RunTime:0.000106s ]
INFO: Run Behavior\ParseTemplateBehavior [ RunTime:0.009280s ]
INFO: [ view_parse ] --END-- [ RunTime:0.009341s ]
INFO: [ view_filter ] --START--
INFO: Run Behavior\WriteHtmlCacheBehavior [ RunTime:0.000465s ]
INFO: [ view_filter ] --END-- [ RunTime:0.000505s ]
INFO: [ app_end ] --START--
INFO: Run Behavior\ShowPageTraceBehavior [ RunTime:0.000718s ]
INFO: [ app_end ] --END-- [ RunTime:0.000760s ]

[ 2017-11-27T23:15:42+08:00 ] 127.0.0.1 /index.php/Admin/Interfaces/username
INFO: [ app_init ] --START--
INFO: Run Behavior\BuildLiteBehavior [ RunTime:0.000012s ]
INFO: [ app_init ] --END-- [ RunTime:0.000565s ]
INFO: [ app_begin ] --START--
INFO: Run Behavior\ReadHtmlCacheBehavior [ RunTime:0.000654s ]
INFO: [ app_begin ] --END-- [ RunTime:0.000707s ]
SQL: SHOW COLUMNS FROM `user` [ RunTime:0.0145s ]
NOTIC: [2] Illegal string offset 'username' D:\WWW\tp_3.2_audio\Application\Admin\Controller\InterfacesController.class.php 第 25 行.

[ 2017-11-27T23:15:55+08:00 ] 127.0.0.1 /index.php/Admin/Interfaces/username
INFO: [ app_init ] --START--
INFO: Run Behavior\BuildLiteBehavior [ RunTime:0.000014s ]
INFO: [ app_init ] --END-- [ RunTime:0.000637s ]
INFO: [ app_begin ] --START--
INFO: Run Behavior\ReadHtmlCacheBehavior [ RunTime:0.000732s ]
INFO: [ app_begin ] --END-- [ RunTime:0.000804s ]
SQL: SHOW COLUMNS FROM `user` [ RunTime:0.0126s ]
NOTIC: [2] Illegal string offset 'username' D:\WWW\tp_3.2_audio\Application\Admin\Controller\InterfacesController.class.php 第 25 行.

[ 2017-11-27T23:16:08+08:00 ] 127.0.0.1 /index.php/Admin/Interfaces/username
INFO: [ app_init ] --START--
INFO: Run Behavior\BuildLiteBehavior [ RunTime:0.000011s ]
INFO: [ app_init ] --END-- [ RunTime:0.000524s ]
INFO: [ app_begin ] --START--
INFO: Run Behavior\ReadHtmlCacheBehavior [ RunTime:0.000563s ]
INFO: [ app_begin ] --END-- [ RunTime:0.000602s ]
SQL: SHOW COLUMNS FROM `user` [ RunTime:0.0194s ]
NOTIC: [2] Illegal string offset 'username' D:\WWW\tp_3.2_audio\Application\Admin\Controller\InterfacesController.class.php 第 25 行.

[ 2017-11-27T23:16:46+08:00 ] 127.0.0.1 /index.php/Admin/register/index.html
INFO: [ app_init ] --START--
INFO: Run Behavior\BuildLiteBehavior [ RunTime:0.000027s ]
INFO: [ app_init ] --END-- [ RunTime:0.001566s ]
INFO: [ app_begin ] --START--
INFO: Run Behavior\ReadHtmlCacheBehavior [ RunTime:0.001439s ]
INFO: [ app_begin ] --END-- [ RunTime:0.001539s ]
INFO: [ view_parse ] --START--
INFO: [ template_filter ] --START--
INFO: Run Behavior\ContentReplaceBehavior [ RunTime:0.000121s ]
INFO: [ template_filter ] --END-- [ RunTime:0.000210s ]
INFO: Run Behavior\ParseTemplateBehavior [ RunTime:0.019216s ]
INFO: [ view_parse ] --END-- [ RunTime:0.019317s ]
INFO: [ view_filter ] --START--
INFO: Run Behavior\WriteHtmlCacheBehavior [ RunTime:0.001266s ]
INFO: [ view_filter ] --END-- [ RunTime:0.001360s ]
INFO: [ app_end ] --START--
INFO: Run Behavior\ShowPageTraceBehavior [ RunTime:0.001745s ]
INFO: [ app_end ] --END-- [ RunTime:0.001854s ]

[ 2017-11-27T23:16:50+08:00 ] 127.0.0.1 /index.php/Admin/Interfaces/username
INFO: [ app_init ] --START--
INFO: Run Behavior\BuildLiteBehavior [ RunTime:0.000011s ]
INFO: [ app_init ] --END-- [ RunTime:0.000501s ]
INFO: [ app_begin ] --START--
INFO: Run Behavior\ReadHtmlCacheBehavior [ RunTime:0.000570s ]
INFO: [ app_begin ] --END-- [ RunTime:0.000608s ]
SQL: SHOW COLUMNS FROM `user` [ RunTime:0.0157s ]
NOTIC: [2] Illegal string offset 'username' D:\WWW\tp_3.2_audio\Application\Admin\Controller\InterfacesController.class.php 第 25 行.
NOTIC: [8] Uninitialized string offset: 0 D:\WWW\tp_3.2_audio\Application\Admin\Controller\InterfacesController.class.php 第 25 行.
ERR: 1054:Unknown column 'admin' in 'where clause'
 [ SQL语句 ] : SELECT `username` FROM `user` WHERE ( admin ) LIMIT 1  
ERR: 1054:Unknown column 'admin' in 'where clause'
 [ SQL语句 ] : SELECT `username` FROM `user` WHERE ( admin ) LIMIT 1  

[ 2017-11-27T23:17:18+08:00 ] 127.0.0.1 /index.php/Admin/Interfaces/username
INFO: [ app_init ] --START--
INFO: Run Behavior\BuildLiteBehavior [ RunTime:0.000011s ]
INFO: [ app_init ] --END-- [ RunTime:0.000857s ]
INFO: [ app_begin ] --START--
INFO: Run Behavior\ReadHtmlCacheBehavior [ RunTime:0.000793s ]
INFO: [ app_begin ] --END-- [ RunTime:0.000845s ]
SQL: SHOW COLUMNS FROM `user` [ RunTime:0.0163s ]
NOTIC: [2] Illegal string offset 'username' D:\WWW\tp_3.2_audio\Application\Admin\Controller\InterfacesController.class.php 第 25 行.
NOTIC: [8] Uninitialized string offset: 0 D:\WWW\tp_3.2_audio\Application\Admin\Controller\InterfacesController.class.php 第 25 行.
NOTIC: [8] Use of undefined constant admin - assumed 'admin' D:\WWW\tp_3.2_audio\Application\Admin\Controller\InterfacesController.class.php 第 27 行.
ERR: 1054:Unknown column 'admin' in 'where clause'
 [ SQL语句 ] : SELECT `username` FROM `user` WHERE ( admin ) LIMIT 1  
ERR: 1054:Unknown column 'admin' in 'where clause'
 [ SQL语句 ] : SELECT `username` FROM `user` WHERE ( admin ) LIMIT 1  

[ 2017-11-27T23:18:25+08:00 ] 127.0.0.1 /index.php/Admin/register/index.html
INFO: [ app_init ] --START--
INFO: Run Behavior\BuildLiteBehavior [ RunTime:0.000030s ]
INFO: [ app_init ] --END-- [ RunTime:0.000895s ]
INFO: [ app_begin ] --START--
INFO: Run Behavior\ReadHtmlCacheBehavior [ RunTime:0.000774s ]
INFO: [ app_begin ] --END-- [ RunTime:0.000825s ]
INFO: [ view_parse ] --START--
INFO: [ template_filter ] --START--
INFO: Run Behavior\ContentReplaceBehavior [ RunTime:0.000071s ]
INFO: [ template_filter ] --END-- [ RunTime:0.000140s ]
INFO: Run Behavior\ParseTemplateBehavior [ RunTime:0.010423s ]
INFO: [ view_parse ] --END-- [ RunTime:0.010483s ]
INFO: [ view_filter ] --START--
INFO: Run Behavior\WriteHtmlCacheBehavior [ RunTime:0.000470s ]
INFO: [ view_filter ] --END-- [ RunTime:0.000505s ]
INFO: [ app_end ] --START--
INFO: Run Behavior\ShowPageTraceBehavior [ RunTime:0.000674s ]
INFO: [ app_end ] --END-- [ RunTime:0.000711s ]

[ 2017-11-27T23:18:29+08:00 ] 127.0.0.1 /index.php/Admin/Interfaces/username
INFO: [ app_init ] --START--
INFO: Run Behavior\BuildLiteBehavior [ RunTime:0.000009s ]
INFO: [ app_init ] --END-- [ RunTime:0.000638s ]
INFO: [ app_begin ] --START--
INFO: Run Behavior\ReadHtmlCacheBehavior [ RunTime:0.000543s ]
INFO: [ app_begin ] --END-- [ RunTime:0.000576s ]
SQL: SHOW COLUMNS FROM `user` [ RunTime:0.0191s ]

[ 2017-11-27T23:18:32+08:00 ] 127.0.0.1 /index.php/Admin/Interfaces/username
INFO: [ app_init ] --START--
INFO: Run Behavior\BuildLiteBehavior [ RunTime:0.000009s ]
INFO: [ app_init ] --END-- [ RunTime:0.000517s ]
INFO: [ app_begin ] --START--
INFO: Run Behavior\ReadHtmlCacheBehavior [ RunTime:0.000634s ]
INFO: [ app_begin ] --END-- [ RunTime:0.000677s ]
SQL: SHOW COLUMNS FROM `user` [ RunTime:0.0104s ]

[ 2017-11-27T23:18:42+08:00 ] 127.0.0.1 /index.php/Admin/Interfaces/username
INFO: [ app_init ] --START--
INFO: Run Behavior\BuildLiteBehavior [ RunTime:0.000009s ]
INFO: [ app_init ] --END-- [ RunTime:0.000551s ]
INFO: [ app_begin ] --START--
INFO: Run Behavior\ReadHtmlCacheBehavior [ RunTime:0.000696s ]
INFO: [ app_begin ] --END-- [ RunTime:0.000749s ]
SQL: SHOW COLUMNS FROM `user` [ RunTime:0.0160s ]

[ 2017-11-27T23:18:52+08:00 ] 127.0.0.1 /index.php/Admin/register/index.html
INFO: [ app_init ] --START--
INFO: Run Behavior\BuildLiteBehavior [ RunTime:0.000010s ]
INFO: [ app_init ] --END-- [ RunTime:0.000559s ]
INFO: [ app_begin ] --START--
INFO: Run Behavior\ReadHtmlCacheBehavior [ RunTime:0.000793s ]
INFO: [ app_begin ] --END-- [ RunTime:0.000870s ]
INFO: [ view_parse ] --START--
INFO: [ template_filter ] --START--
INFO: Run Behavior\ContentReplaceBehavior [ RunTime:0.000058s ]
INFO: [ template_filter ] --END-- [ RunTime:0.000118s ]
INFO: Run Behavior\ParseTemplateBehavior [ RunTime:0.008234s ]
INFO: [ view_parse ] --END-- [ RunTime:0.008292s ]
INFO: [ view_filter ] --START--
INFO: Run Behavior\WriteHtmlCacheBehavior [ RunTime:0.000631s ]
INFO: [ view_filter ] --END-- [ RunTime:0.000670s ]
INFO: [ app_end ] --START--
INFO: Run Behavior\ShowPageTraceBehavior [ RunTime:0.000661s ]
INFO: [ app_end ] --END-- [ RunTime:0.000694s ]

[ 2017-11-27T23:18:55+08:00 ] 127.0.0.1 /index.php/Admin/Interfaces/username
INFO: [ app_init ] --START--
INFO: Run Behavior\BuildLiteBehavior [ RunTime:0.000008s ]
INFO: [ app_init ] --END-- [ RunTime:0.000456s ]
INFO: [ app_begin ] --START--
INFO: Run Behavior\ReadHtmlCacheBehavior [ RunTime:0.000533s ]
INFO: [ app_begin ] --END-- [ RunTime:0.000565s ]
SQL: SHOW COLUMNS FROM `user` [ RunTime:0.0110s ]
ERR: 1054:Unknown column '$where' in 'where clause'
 [ SQL语句 ] : SELECT `username` FROM `user` WHERE ( $where ) LIMIT 1  
ERR: 1054:Unknown column '$where' in 'where clause'
 [ SQL语句 ] : SELECT `username` FROM `user` WHERE ( $where ) LIMIT 1  

[ 2017-11-27T23:19:18+08:00 ] 127.0.0.1 /index.php/Admin/register/index.html
INFO: [ app_init ] --START--
INFO: Run Behavior\BuildLiteBehavior [ RunTime:0.000014s ]
INFO: [ app_init ] --END-- [ RunTime:0.000577s ]
INFO: [ app_begin ] --START--
INFO: Run Behavior\ReadHtmlCacheBehavior [ RunTime:0.000791s ]
INFO: [ app_begin ] --END-- [ RunTime:0.000853s ]
INFO: [ view_parse ] --START--
INFO: [ template_filter ] --START--
INFO: Run Behavior\ContentReplaceBehavior [ RunTime:0.000060s ]
INFO: [ template_filter ] --END-- [ RunTime:0.000119s ]
INFO: Run Behavior\ParseTemplateBehavior [ RunTime:0.009646s ]
INFO: [ view_parse ] --END-- [ RunTime:0.009711s ]
INFO: [ view_filter ] --START--
INFO: Run Behavior\WriteHtmlCacheBehavior [ RunTime:0.000614s ]
INFO: [ view_filter ] --END-- [ RunTime:0.000667s ]
INFO: [ app_end ] --START--
INFO: Run Behavior\ShowPageTraceBehavior [ RunTime:0.000748s ]
INFO: [ app_end ] --END-- [ RunTime:0.000801s ]

[ 2017-11-27T23:19:24+08:00 ] 127.0.0.1 /index.php/Admin/Interfaces/username
INFO: [ app_init ] --START--
INFO: Run Behavior\BuildLiteBehavior [ RunTime:0.000009s ]
INFO: [ app_init ] --END-- [ RunTime:0.000418s ]
INFO: [ app_begin ] --START--
INFO: Run Behavior\ReadHtmlCacheBehavior [ RunTime:0.000490s ]
INFO: [ app_begin ] --END-- [ RunTime:0.000527s ]
SQL: SHOW COLUMNS FROM `user` [ RunTime:0.0191s ]
SQL: SELECT `username` FROM `user` WHERE `username` = 'admin' LIMIT 1   [ RunTime:0.0003s ]
INFO: [ app_end ] --START--
INFO: Run Behavior\ShowPageTraceBehavior [ RunTime:0.000717s ]
INFO: [ app_end ] --END-- [ RunTime:0.000771s ]

[ 2017-11-27T23:20:16+08:00 ] 127.0.0.1 /index.php/Admin/register/index.html
INFO: [ app_init ] --START--
INFO: Run Behavior\BuildLiteBehavior [ RunTime:0.000009s ]
INFO: [ app_init ] --END-- [ RunTime:0.000420s ]
INFO: [ app_begin ] --START--
INFO: Run Behavior\ReadHtmlCacheBehavior [ RunTime:0.000595s ]
INFO: [ app_begin ] --END-- [ RunTime:0.000641s ]
INFO: [ view_parse ] --START--
INFO: [ template_filter ] --START--
INFO: Run Behavior\ContentReplaceBehavior [ RunTime:0.000057s ]
INFO: [ template_filter ] --END-- [ RunTime:0.000112s ]
INFO: Run Behavior\ParseTemplateBehavior [ RunTime:0.008406s ]
INFO: [ view_parse ] --END-- [ RunTime:0.008469s ]
INFO: [ view_filter ] --START--
INFO: Run Behavior\WriteHtmlCacheBehavior [ RunTime:0.000398s ]
INFO: [ view_filter ] --END-- [ RunTime:0.000430s ]
INFO: [ app_end ] --START--
INFO: Run Behavior\ShowPageTraceBehavior [ RunTime:0.000576s ]
INFO: [ app_end ] --END-- [ RunTime:0.000614s ]

[ 2017-11-27T23:20:21+08:00 ] 127.0.0.1 /index.php/Admin/Interfaces/username
INFO: [ app_init ] --START--
INFO: Run Behavior\BuildLiteBehavior [ RunTime:0.000013s ]
INFO: [ app_init ] --END-- [ RunTime:0.000680s ]
INFO: [ app_begin ] --START--
INFO: Run Behavior\ReadHtmlCacheBehavior [ RunTime:0.000675s ]
INFO: [ app_begin ] --END-- [ RunTime:0.000725s ]
SQL: SHOW COLUMNS FROM `user` [ RunTime:0.0282s ]
SQL: SELECT `username` FROM `user` WHERE `username` = 'admin' LIMIT 1   [ RunTime:0.0003s ]
INFO: [ app_end ] --START--
INFO: Run Behavior\ShowPageTraceBehavior [ RunTime:0.000747s ]
INFO: [ app_end ] --END-- [ RunTime:0.000788s ]

[ 2017-11-27T23:20:38+08:00 ] 127.0.0.1 /index.php/Admin/Interfaces/username
INFO: [ app_init ] --START--
INFO: Run Behavior\BuildLiteBehavior [ RunTime:0.000009s ]
INFO: [ app_init ] --END-- [ RunTime:0.000503s ]
INFO: [ app_begin ] --START--
INFO: Run Behavior\ReadHtmlCacheBehavior [ RunTime:0.000584s ]
INFO: [ app_begin ] --END-- [ RunTime:0.000617s ]
SQL: SHOW COLUMNS FROM `user` [ RunTime:0.0154s ]
SQL: SELECT `username` FROM `user` WHERE `username` = 'admin1' LIMIT 1   [ RunTime:0.0004s ]
INFO: [ app_end ] --START--
INFO: Run Behavior\ShowPageTraceBehavior [ RunTime:0.000950s ]
INFO: [ app_end ] --END-- [ RunTime:0.000984s ]

[ 2017-11-27T23:23:51+08:00 ] 127.0.0.1 /index.php/Admin/Interfaces/username
INFO: [ app_init ] --START--
INFO: Run Behavior\BuildLiteBehavior [ RunTime:0.000008s ]
INFO: [ app_init ] --END-- [ RunTime:0.000519s ]
INFO: [ app_begin ] --START--
INFO: Run Behavior\ReadHtmlCacheBehavior [ RunTime:0.000587s ]
INFO: [ app_begin ] --END-- [ RunTime:0.000628s ]
SQL: SHOW COLUMNS FROM `user` [ RunTime:0.0174s ]
SQL: SELECT `username` FROM `user` WHERE `username` = 'admin' LIMIT 1   [ RunTime:0.0004s ]
ERR: Call to undefined method Admin\Controller\InterfacesController::ajaxReturn()

[ 2017-11-27T23:24:58+08:00 ] 127.0.0.1 /index.php/Admin/register/index.html
INFO: [ app_init ] --START--
INFO: Run Behavior\BuildLiteBehavior [ RunTime:0.000021s ]
INFO: [ app_init ] --END-- [ RunTime:0.001288s ]
INFO: [ app_begin ] --START--
INFO: Run Behavior\ReadHtmlCacheBehavior [ RunTime:0.001727s ]
INFO: [ app_begin ] --END-- [ RunTime:0.001848s ]
INFO: [ view_parse ] --START--
INFO: [ template_filter ] --START--
INFO: Run Behavior\ContentReplaceBehavior [ RunTime:0.000127s ]
INFO: [ template_filter ] --END-- [ RunTime:0.000248s ]
INFO: Run Behavior\ParseTemplateBehavior [ RunTime:0.021014s ]
INFO: [ view_parse ] --END-- [ RunTime:0.021114s ]
INFO: [ view_filter ] --START--
INFO: Run Behavior\WriteHtmlCacheBehavior [ RunTime:0.001607s ]
INFO: [ view_filter ] --END-- [ RunTime:0.001740s ]
INFO: [ app_end ] --START--
INFO: Run Behavior\ShowPageTraceBehavior [ RunTime:0.002371s ]
INFO: [ app_end ] --END-- [ RunTime:0.002505s ]

[ 2017-11-27T23:25:01+08:00 ] 127.0.0.1 /index.php/Admin/Interfaces/username
INFO: [ app_init ] --START--
INFO: Run Behavior\BuildLiteBehavior [ RunTime:0.000012s ]
INFO: [ app_init ] --END-- [ RunTime:0.000712s ]
INFO: [ app_begin ] --START--
INFO: Run Behavior\ReadHtmlCacheBehavior [ RunTime:0.001226s ]
INFO: [ app_begin ] --END-- [ RunTime:0.001323s ]
SQL: SHOW COLUMNS FROM `user` [ RunTime:0.0112s ]
SQL: SELECT `username` FROM `user` WHERE `username` = 'admin' LIMIT 1   [ RunTime:0.0003s ]
ERR: Call to undefined method Admin\Controller\InterfacesController::ajaxReturn()

[ 2017-11-27T23:27:24+08:00 ] 127.0.0.1 /index.php/Admin/register/index.html
INFO: [ app_init ] --START--
INFO: Run Behavior\BuildLiteBehavior [ RunTime:0.000012s ]
INFO: [ app_init ] --END-- [ RunTime:0.000507s ]
INFO: [ app_begin ] --START--
INFO: Run Behavior\ReadHtmlCacheBehavior [ RunTime:0.000513s ]
INFO: [ app_begin ] --END-- [ RunTime:0.000549s ]
INFO: [ view_parse ] --START--
INFO: [ template_filter ] --START--
INFO: Run Behavior\ContentReplaceBehavior [ RunTime:0.000056s ]
INFO: [ template_filter ] --END-- [ RunTime:0.000089s ]
INFO: Run Behavior\ParseTemplateBehavior [ RunTime:0.007283s ]
INFO: [ view_parse ] --END-- [ RunTime:0.007322s ]
INFO: [ view_filter ] --START--
INFO: Run Behavior\WriteHtmlCacheBehavior [ RunTime:0.000403s ]
INFO: [ view_filter ] --END-- [ RunTime:0.000433s ]
INFO: [ app_end ] --START--
INFO: Run Behavior\ShowPageTraceBehavior [ RunTime:0.000592s ]
INFO: [ app_end ] --END-- [ RunTime:0.000621s ]

[ 2017-11-27T23:27:26+08:00 ] 127.0.0.1 /index.php/Admin/Interfaces/username
INFO: [ app_init ] --START--
INFO: Run Behavior\BuildLiteBehavior [ RunTime:0.000015s ]
INFO: [ app_init ] --END-- [ RunTime:0.000841s ]
INFO: [ app_begin ] --START--
INFO: Run Behavior\ReadHtmlCacheBehavior [ RunTime:0.000776s ]
INFO: [ app_begin ] --END-- [ RunTime:0.000838s ]
SQL: SHOW COLUMNS FROM `user` [ RunTime:0.0220s ]
SQL: SELECT `username` FROM `user` WHERE `username` = 'admin' LIMIT 1   [ RunTime:0.0003s ]

